{"C:\\Users\\jaakk\\Documents\\Yl-kurs\\a642905\\webdevi Group\\webdev1-group-71\\routes.js": {"path":"C:\\Users\\jaakk\\Documents\\Yl-kurs\\a642905\\webdevi Group\\webdev1-group-71\\routes.js","statementMap":{"0":{"start":{"line":1,"column":22},"end":{"line":1,"column":54}},"1":{"start":{"line":2,"column":24},"end":{"line":2,"column":55}},"2":{"start":{"line":3,"column":25},"end":{"line":3,"column":50}},"3":{"start":{"line":4,"column":25},"end":{"line":4,"column":47}},"4":{"start":{"line":6,"column":53},"end":{"line":6,"column":86}},"5":{"start":{"line":7,"column":72},"end":{"line":7,"column":102}},"6":{"start":{"line":8,"column":47},"end":{"line":8,"column":78}},"7":{"start":{"line":16,"column":23},"end":{"line":21,"column":1}},"8":{"start":{"line":29,"column":20},"end":{"line":41,"column":1}},"9":{"start":{"line":30,"column":2},"end":{"line":38,"column":3}},"10":{"start":{"line":31,"column":4},"end":{"line":36,"column":7}},"11":{"start":{"line":37,"column":4},"end":{"line":37,"column":26}},"12":{"start":{"line":40,"column":2},"end":{"line":40,"column":42}},"13":{"start":{"line":50,"column":21},"end":{"line":54,"column":1}},"14":{"start":{"line":51,"column":20},"end":{"line":51,"column":36}},"15":{"start":{"line":52,"column":16},"end":{"line":52,"column":62}},"16":{"start":{"line":53,"column":2},"end":{"line":53,"column":25}},"17":{"start":{"line":62,"column":20},"end":{"line":64,"column":1}},"18":{"start":{"line":63,"column":2},"end":{"line":63,"column":36}},"19":{"start":{"line":71,"column":23},"end":{"line":73,"column":1}},"20":{"start":{"line":72,"column":2},"end":{"line":72,"column":39}},"21":{"start":{"line":81,"column":21},"end":{"line":83,"column":1}},"22":{"start":{"line":82,"column":2},"end":{"line":82,"column":37}},"23":{"start":{"line":86,"column":22},"end":{"line":170,"column":1}},"24":{"start":{"line":87,"column":27},"end":{"line":87,"column":34}},"25":{"start":{"line":88,"column":19},"end":{"line":88,"column":26}},"26":{"start":{"line":89,"column":2},"end":{"line":89,"column":32}},"27":{"start":{"line":91,"column":19},"end":{"line":91,"column":66}},"28":{"start":{"line":95,"column":21},"end":{"line":95,"column":50}},"29":{"start":{"line":100,"column":2},"end":{"line":100,"column":67}},"30":{"start":{"line":100,"column":28},"end":{"line":100,"column":67}},"31":{"start":{"line":103,"column":2},"end":{"line":106,"column":3}},"32":{"start":{"line":104,"column":21},"end":{"line":104,"column":82}},"33":{"start":{"line":105,"column":4},"end":{"line":105,"column":44}},"34":{"start":{"line":109,"column":2},"end":{"line":109,"column":195}},"35":{"start":{"line":109,"column":155},"end":{"line":109,"column":195}},"36":{"start":{"line":113,"column":2},"end":{"line":115,"column":3}},"37":{"start":{"line":114,"column":4},"end":{"line":114,"column":82}},"38":{"start":{"line":118,"column":2},"end":{"line":120,"column":3}},"39":{"start":{"line":119,"column":4},"end":{"line":119,"column":83}},"40":{"start":{"line":123,"column":2},"end":{"line":125,"column":3}},"41":{"start":{"line":124,"column":4},"end":{"line":124,"column":77}},"42":{"start":{"line":128,"column":2},"end":{"line":130,"column":3}},"43":{"start":{"line":129,"column":4},"end":{"line":129,"column":60}},"44":{"start":{"line":133,"column":2},"end":{"line":133,"column":77}},"45":{"start":{"line":133,"column":37},"end":{"line":133,"column":77}},"46":{"start":{"line":136,"column":2},"end":{"line":138,"column":3}},"47":{"start":{"line":137,"column":4},"end":{"line":137,"column":52}},"48":{"start":{"line":141,"column":2},"end":{"line":143,"column":3}},"49":{"start":{"line":142,"column":4},"end":{"line":142,"column":49}},"50":{"start":{"line":146,"column":2},"end":{"line":148,"column":3}},"51":{"start":{"line":147,"column":4},"end":{"line":147,"column":54}},"52":{"start":{"line":151,"column":2},"end":{"line":153,"column":3}},"53":{"start":{"line":152,"column":4},"end":{"line":152,"column":50}},"54":{"start":{"line":156,"column":2},"end":{"line":158,"column":3}},"55":{"start":{"line":157,"column":4},"end":{"line":157,"column":69}},"56":{"start":{"line":162,"column":2},"end":{"line":164,"column":3}},"57":{"start":{"line":163,"column":4},"end":{"line":163,"column":77}},"58":{"start":{"line":167,"column":2},"end":{"line":169,"column":3}},"59":{"start":{"line":168,"column":4},"end":{"line":168,"column":59}},"60":{"start":{"line":173,"column":0},"end":{"line":173,"column":35}}},"fnMap":{"0":{"name":"(anonymous_0)","decl":{"start":{"line":29,"column":20},"end":{"line":29,"column":21}},"loc":{"start":{"line":29,"column":44},"end":{"line":41,"column":1}},"line":29},"1":{"name":"(anonymous_1)","decl":{"start":{"line":50,"column":21},"end":{"line":50,"column":22}},"loc":{"start":{"line":50,"column":38},"end":{"line":54,"column":1}},"line":50},"2":{"name":"(anonymous_2)","decl":{"start":{"line":62,"column":20},"end":{"line":62,"column":21}},"loc":{"start":{"line":62,"column":27},"end":{"line":64,"column":1}},"line":62},"3":{"name":"(anonymous_3)","decl":{"start":{"line":71,"column":23},"end":{"line":71,"column":24}},"loc":{"start":{"line":71,"column":30},"end":{"line":73,"column":1}},"line":71},"4":{"name":"(anonymous_4)","decl":{"start":{"line":81,"column":21},"end":{"line":81,"column":22}},"loc":{"start":{"line":81,"column":28},"end":{"line":83,"column":1}},"line":81},"5":{"name":"(anonymous_5)","decl":{"start":{"line":86,"column":22},"end":{"line":86,"column":23}},"loc":{"start":{"line":86,"column":51},"end":{"line":170,"column":1}},"line":86}},"branchMap":{"0":{"loc":{"start":{"line":30,"column":2},"end":{"line":38,"column":3}},"type":"if","locations":[{"start":{"line":30,"column":2},"end":{"line":38,"column":3}},{"start":{"line":30,"column":2},"end":{"line":38,"column":3}}],"line":30},"1":{"loc":{"start":{"line":100,"column":2},"end":{"line":100,"column":67}},"type":"if","locations":[{"start":{"line":100,"column":2},"end":{"line":100,"column":67}},{"start":{"line":100,"column":2},"end":{"line":100,"column":67}}],"line":100},"2":{"loc":{"start":{"line":103,"column":2},"end":{"line":106,"column":3}},"type":"if","locations":[{"start":{"line":103,"column":2},"end":{"line":106,"column":3}},{"start":{"line":103,"column":2},"end":{"line":106,"column":3}}],"line":103},"3":{"loc":{"start":{"line":103,"column":6},"end":{"line":103,"column":54}},"type":"binary-expr","locations":[{"start":{"line":103,"column":6},"end":{"line":103,"column":22}},{"start":{"line":103,"column":26},"end":{"line":103,"column":54}}],"line":103},"4":{"loc":{"start":{"line":104,"column":21},"end":{"line":104,"column":82}},"type":"cond-expr","locations":[{"start":{"line":104,"column":59},"end":{"line":104,"column":71}},{"start":{"line":104,"column":74},"end":{"line":104,"column":82}}],"line":104},"5":{"loc":{"start":{"line":104,"column":21},"end":{"line":104,"column":56}},"type":"binary-expr","locations":[{"start":{"line":104,"column":21},"end":{"line":104,"column":37}},{"start":{"line":104,"column":41},"end":{"line":104,"column":56}}],"line":104},"6":{"loc":{"start":{"line":109,"column":2},"end":{"line":109,"column":195}},"type":"if","locations":[{"start":{"line":109,"column":2},"end":{"line":109,"column":195}},{"start":{"line":109,"column":2},"end":{"line":109,"column":195}}],"line":109},"7":{"loc":{"start":{"line":109,"column":6},"end":{"line":109,"column":153}},"type":"binary-expr","locations":[{"start":{"line":109,"column":6},"end":{"line":109,"column":35}},{"start":{"line":109,"column":39},"end":{"line":109,"column":73}},{"start":{"line":109,"column":77},"end":{"line":109,"column":114}},{"start":{"line":109,"column":118},"end":{"line":109,"column":153}}],"line":109},"8":{"loc":{"start":{"line":113,"column":2},"end":{"line":115,"column":3}},"type":"if","locations":[{"start":{"line":113,"column":2},"end":{"line":115,"column":3}},{"start":{"line":113,"column":2},"end":{"line":115,"column":3}}],"line":113},"9":{"loc":{"start":{"line":118,"column":2},"end":{"line":120,"column":3}},"type":"if","locations":[{"start":{"line":118,"column":2},"end":{"line":120,"column":3}},{"start":{"line":118,"column":2},"end":{"line":120,"column":3}}],"line":118},"10":{"loc":{"start":{"line":123,"column":2},"end":{"line":125,"column":3}},"type":"if","locations":[{"start":{"line":123,"column":2},"end":{"line":125,"column":3}},{"start":{"line":123,"column":2},"end":{"line":125,"column":3}}],"line":123},"11":{"loc":{"start":{"line":128,"column":2},"end":{"line":130,"column":3}},"type":"if","locations":[{"start":{"line":128,"column":2},"end":{"line":130,"column":3}},{"start":{"line":128,"column":2},"end":{"line":130,"column":3}}],"line":128},"12":{"loc":{"start":{"line":133,"column":2},"end":{"line":133,"column":77}},"type":"if","locations":[{"start":{"line":133,"column":2},"end":{"line":133,"column":77}},{"start":{"line":133,"column":2},"end":{"line":133,"column":77}}],"line":133},"13":{"loc":{"start":{"line":136,"column":2},"end":{"line":138,"column":3}},"type":"if","locations":[{"start":{"line":136,"column":2},"end":{"line":138,"column":3}},{"start":{"line":136,"column":2},"end":{"line":138,"column":3}}],"line":136},"14":{"loc":{"start":{"line":141,"column":2},"end":{"line":143,"column":3}},"type":"if","locations":[{"start":{"line":141,"column":2},"end":{"line":143,"column":3}},{"start":{"line":141,"column":2},"end":{"line":143,"column":3}}],"line":141},"15":{"loc":{"start":{"line":141,"column":6},"end":{"line":141,"column":55}},"type":"binary-expr","locations":[{"start":{"line":141,"column":6},"end":{"line":141,"column":34}},{"start":{"line":141,"column":38},"end":{"line":141,"column":55}}],"line":141},"16":{"loc":{"start":{"line":146,"column":2},"end":{"line":148,"column":3}},"type":"if","locations":[{"start":{"line":146,"column":2},"end":{"line":148,"column":3}},{"start":{"line":146,"column":2},"end":{"line":148,"column":3}}],"line":146},"17":{"loc":{"start":{"line":151,"column":2},"end":{"line":153,"column":3}},"type":"if","locations":[{"start":{"line":151,"column":2},"end":{"line":153,"column":3}},{"start":{"line":151,"column":2},"end":{"line":153,"column":3}}],"line":151},"18":{"loc":{"start":{"line":151,"column":6},"end":{"line":151,"column":51}},"type":"binary-expr","locations":[{"start":{"line":151,"column":6},"end":{"line":151,"column":31}},{"start":{"line":151,"column":35},"end":{"line":151,"column":51}}],"line":151},"19":{"loc":{"start":{"line":156,"column":2},"end":{"line":158,"column":3}},"type":"if","locations":[{"start":{"line":156,"column":2},"end":{"line":158,"column":3}},{"start":{"line":156,"column":2},"end":{"line":158,"column":3}}],"line":156},"20":{"loc":{"start":{"line":156,"column":6},"end":{"line":156,"column":77}},"type":"binary-expr","locations":[{"start":{"line":156,"column":6},"end":{"line":156,"column":34}},{"start":{"line":156,"column":39},"end":{"line":156,"column":55}},{"start":{"line":156,"column":59},"end":{"line":156,"column":76}}],"line":156},"21":{"loc":{"start":{"line":162,"column":2},"end":{"line":164,"column":3}},"type":"if","locations":[{"start":{"line":162,"column":2},"end":{"line":164,"column":3}},{"start":{"line":162,"column":2},"end":{"line":164,"column":3}}],"line":162},"22":{"loc":{"start":{"line":162,"column":6},"end":{"line":162,"column":52}},"type":"binary-expr","locations":[{"start":{"line":162,"column":6},"end":{"line":162,"column":32}},{"start":{"line":162,"column":36},"end":{"line":162,"column":52}}],"line":162},"23":{"loc":{"start":{"line":167,"column":2},"end":{"line":169,"column":3}},"type":"if","locations":[{"start":{"line":167,"column":2},"end":{"line":169,"column":3}},{"start":{"line":167,"column":2},"end":{"line":169,"column":3}}],"line":167},"24":{"loc":{"start":{"line":167,"column":5},"end":{"line":167,"column":52}},"type":"binary-expr","locations":[{"start":{"line":167,"column":5},"end":{"line":167,"column":31}},{"start":{"line":167,"column":35},"end":{"line":167,"column":52}}],"line":167}},"s":{"0":1,"1":1,"2":1,"3":1,"4":1,"5":1,"6":1,"7":1,"8":1,"9":2,"10":2,"11":2,"12":0,"13":1,"14":447,"15":447,"16":447,"17":1,"18":149,"19":1,"20":149,"21":1,"22":149,"23":1,"24":234,"25":234,"26":234,"27":234,"28":234,"29":234,"30":2,"31":232,"32":82,"33":82,"34":150,"35":1,"36":149,"37":30,"38":149,"39":30,"40":149,"41":9,"42":149,"43":28,"44":121,"45":53,"46":68,"47":1,"48":67,"49":8,"50":67,"51":29,"52":38,"53":7,"54":38,"55":16,"56":38,"57":4,"58":38,"59":10,"60":1},"f":{"0":2,"1":447,"2":149,"3":149,"4":149,"5":234},"b":{"0":[2,0],"1":[2,232],"2":[82,150],"3":[232,152],"4":[0,82],"5":[82,82],"6":[1,149],"7":[150,70,40,10],"8":[30,119],"9":[30,119],"10":[9,140],"11":[28,121],"12":[53,68],"13":[1,67],"14":[8,59],"15":[67,8],"16":[29,38],"17":[7,31],"18":[38,7],"19":[16,22],"20":[38,16,5],"21":[4,34],"22":[38,14],"23":[10,28],"24":[38,14]},"_coverageSchema":"1a1c01bbd47fc00a2c39e90264f33305004495a9","hash":"57026276a4109fe2c3d81182769fb1def9ac9ba0","contentHash":"e75e2366161cc808cc2599bbf757243603998023ddd523aacb653cd42dd4d1e3"}
,"C:\\Users\\jaakk\\Documents\\Yl-kurs\\a642905\\webdevi Group\\webdev1-group-71\\auth\\auth.js": {"path":"C:\\Users\\jaakk\\Documents\\Yl-kurs\\a642905\\webdevi Group\\webdev1-group-71\\auth\\auth.js","statementMap":{"0":{"start":{"line":1,"column":25},"end":{"line":1,"column":57}},"1":{"start":{"line":4,"column":13},"end":{"line":4,"column":38}},"2":{"start":{"line":11,"column":23},"end":{"line":37,"column":1}},"3":{"start":{"line":19,"column":26},"end":{"line":19,"column":49}},"4":{"start":{"line":21,"column":2},"end":{"line":33,"column":3}},"5":{"start":{"line":22,"column":24},"end":{"line":22,"column":78}},"6":{"start":{"line":23,"column":21},"end":{"line":23,"column":39}},"7":{"start":{"line":25,"column":4},"end":{"line":30,"column":5}},"8":{"start":{"line":27,"column":6},"end":{"line":27,"column":25}},"9":{"start":{"line":29,"column":6},"end":{"line":29,"column":18}},"10":{"start":{"line":32,"column":4},"end":{"line":32,"column":16}},"11":{"start":{"line":39,"column":0},"end":{"line":39,"column":36}}},"fnMap":{"0":{"name":"(anonymous_0)","decl":{"start":{"line":11,"column":23},"end":{"line":11,"column":24}},"loc":{"start":{"line":11,"column":40},"end":{"line":37,"column":1}},"line":11}},"branchMap":{"0":{"loc":{"start":{"line":21,"column":2},"end":{"line":33,"column":3}},"type":"if","locations":[{"start":{"line":21,"column":2},"end":{"line":33,"column":3}},{"start":{"line":21,"column":2},"end":{"line":33,"column":3}}],"line":21},"1":{"loc":{"start":{"line":25,"column":4},"end":{"line":30,"column":5}},"type":"if","locations":[{"start":{"line":25,"column":4},"end":{"line":30,"column":5}},{"start":{"line":25,"column":4},"end":{"line":30,"column":5}}],"line":25},"2":{"loc":{"start":{"line":25,"column":7},"end":{"line":25,"column":63}},"type":"binary-expr","locations":[{"start":{"line":25,"column":7},"end":{"line":25,"column":18}},{"start":{"line":25,"column":22},"end":{"line":25,"column":63}}],"line":25}},"s":{"0":1,"1":1,"2":1,"3":240,"4":240,"5":108,"6":108,"7":108,"8":91,"9":17,"10":132,"11":1},"f":{"0":240},"b":{"0":[108,132],"1":[91,17],"2":[108,104]},"_coverageSchema":"1a1c01bbd47fc00a2c39e90264f33305004495a9","hash":"614eb3a56452555c3c0b12a6bd8f3c9537dc980a","contentHash":"08f743b718167ccb7753eb1e7383122972bde551a07780804e62008af1c77f7b"}
,"C:\\Users\\jaakk\\Documents\\Yl-kurs\\a642905\\webdevi Group\\webdev1-group-71\\controllers\\orders.js": {"path":"C:\\Users\\jaakk\\Documents\\Yl-kurs\\a642905\\webdevi Group\\webdev1-group-71\\controllers\\orders.js","statementMap":{"0":{"start":{"line":2,"column":19},"end":{"line":2,"column":21}},"1":{"start":{"line":4,"column":22},"end":{"line":4,"column":55}},"2":{"start":{"line":5,"column":20},"end":{"line":5,"column":52}},"3":{"start":{"line":7,"column":14},"end":{"line":7,"column":40}},"4":{"start":{"line":8,"column":24},"end":{"line":8,"column":56}},"5":{"start":{"line":14,"column":21},"end":{"line":23,"column":1}},"6":{"start":{"line":16,"column":2},"end":{"line":22,"column":3}},"7":{"start":{"line":17,"column":4},"end":{"line":17,"column":66}},"8":{"start":{"line":21,"column":4},"end":{"line":21,"column":95}},"9":{"start":{"line":32,"column":23},"end":{"line":51,"column":1}},"10":{"start":{"line":33,"column":2},"end":{"line":33,"column":34}},"11":{"start":{"line":36,"column":19},"end":{"line":36,"column":39}},"12":{"start":{"line":37,"column":16},"end":{"line":37,"column":39}},"13":{"start":{"line":38,"column":2},"end":{"line":50,"column":3}},"14":{"start":{"line":39,"column":4},"end":{"line":39,"column":60}},"15":{"start":{"line":43,"column":4},"end":{"line":43,"column":26}},"16":{"start":{"line":46,"column":26},"end":{"line":46,"column":60}},"17":{"start":{"line":49,"column":4},"end":{"line":49,"column":66}},"18":{"start":{"line":58,"column":25},"end":{"line":70,"column":1}},"19":{"start":{"line":59,"column":22},"end":{"line":59,"column":51}},"20":{"start":{"line":61,"column":2},"end":{"line":69,"column":3}},"21":{"start":{"line":61,"column":19},"end":{"line":61,"column":58}},"22":{"start":{"line":63,"column":7},"end":{"line":69,"column":3}},"23":{"start":{"line":64,"column":4},"end":{"line":64,"column":43}},"24":{"start":{"line":68,"column":4},"end":{"line":68,"column":63}},"25":{"start":{"line":79,"column":25},"end":{"line":95,"column":1}},"26":{"start":{"line":80,"column":2},"end":{"line":80,"column":43}},"27":{"start":{"line":83,"column":2},"end":{"line":94,"column":3}},"28":{"start":{"line":84,"column":4},"end":{"line":84,"column":96}},"29":{"start":{"line":87,"column":7},"end":{"line":94,"column":3}},"30":{"start":{"line":88,"column":4},"end":{"line":88,"column":44}},"31":{"start":{"line":91,"column":22},"end":{"line":91,"column":63}},"32":{"start":{"line":92,"column":4},"end":{"line":92,"column":43}},"33":{"start":{"line":93,"column":4},"end":{"line":93,"column":46}},"34":{"start":{"line":107,"column":25},"end":{"line":128,"column":1}},"35":{"start":{"line":108,"column":2},"end":{"line":127,"column":3}},"36":{"start":{"line":109,"column":4},"end":{"line":109,"column":53}},"37":{"start":{"line":112,"column":7},"end":{"line":127,"column":3}},"38":{"start":{"line":113,"column":4},"end":{"line":113,"column":59}},"39":{"start":{"line":116,"column":4},"end":{"line":125,"column":5}},"40":{"start":{"line":118,"column":22},"end":{"line":118,"column":47}},"41":{"start":{"line":119,"column":6},"end":{"line":124,"column":7}},"42":{"start":{"line":120,"column":8},"end":{"line":120,"column":63}},"43":{"start":{"line":123,"column":8},"end":{"line":123,"column":50}},"44":{"start":{"line":131,"column":0},"end":{"line":131,"column":104}}},"fnMap":{"0":{"name":"(anonymous_0)","decl":{"start":{"line":14,"column":21},"end":{"line":14,"column":22}},"loc":{"start":{"line":14,"column":54},"end":{"line":23,"column":1}},"line":14},"1":{"name":"(anonymous_1)","decl":{"start":{"line":32,"column":23},"end":{"line":32,"column":24}},"loc":{"start":{"line":32,"column":54},"end":{"line":51,"column":1}},"line":32},"2":{"name":"(anonymous_2)","decl":{"start":{"line":58,"column":25},"end":{"line":58,"column":26}},"loc":{"start":{"line":58,"column":67},"end":{"line":70,"column":1}},"line":58},"3":{"name":"(anonymous_3)","decl":{"start":{"line":79,"column":25},"end":{"line":79,"column":26}},"loc":{"start":{"line":79,"column":67},"end":{"line":95,"column":1}},"line":79},"4":{"name":"(anonymous_4)","decl":{"start":{"line":107,"column":25},"end":{"line":107,"column":26}},"loc":{"start":{"line":107,"column":85},"end":{"line":128,"column":1}},"line":107}},"branchMap":{"0":{"loc":{"start":{"line":16,"column":2},"end":{"line":22,"column":3}},"type":"if","locations":[{"start":{"line":16,"column":2},"end":{"line":22,"column":3}},{"start":{"line":16,"column":2},"end":{"line":22,"column":3}}],"line":16},"1":{"loc":{"start":{"line":38,"column":2},"end":{"line":50,"column":3}},"type":"if","locations":[{"start":{"line":38,"column":2},"end":{"line":50,"column":3}},{"start":{"line":38,"column":2},"end":{"line":50,"column":3}}],"line":38},"2":{"loc":{"start":{"line":61,"column":2},"end":{"line":69,"column":3}},"type":"if","locations":[{"start":{"line":61,"column":2},"end":{"line":69,"column":3}},{"start":{"line":61,"column":2},"end":{"line":69,"column":3}}],"line":61},"3":{"loc":{"start":{"line":63,"column":7},"end":{"line":69,"column":3}},"type":"if","locations":[{"start":{"line":63,"column":7},"end":{"line":69,"column":3}},{"start":{"line":63,"column":7},"end":{"line":69,"column":3}}],"line":63},"4":{"loc":{"start":{"line":63,"column":11},"end":{"line":63,"column":117}},"type":"binary-expr","locations":[{"start":{"line":63,"column":11},"end":{"line":63,"column":85}},{"start":{"line":63,"column":89},"end":{"line":63,"column":117}}],"line":63},"5":{"loc":{"start":{"line":83,"column":2},"end":{"line":94,"column":3}},"type":"if","locations":[{"start":{"line":83,"column":2},"end":{"line":94,"column":3}},{"start":{"line":83,"column":2},"end":{"line":94,"column":3}}],"line":83},"6":{"loc":{"start":{"line":87,"column":7},"end":{"line":94,"column":3}},"type":"if","locations":[{"start":{"line":87,"column":7},"end":{"line":94,"column":3}},{"start":{"line":87,"column":7},"end":{"line":94,"column":3}}],"line":87},"7":{"loc":{"start":{"line":108,"column":2},"end":{"line":127,"column":3}},"type":"if","locations":[{"start":{"line":108,"column":2},"end":{"line":127,"column":3}},{"start":{"line":108,"column":2},"end":{"line":127,"column":3}}],"line":108},"8":{"loc":{"start":{"line":108,"column":5},"end":{"line":108,"column":58}},"type":"binary-expr","locations":[{"start":{"line":108,"column":5},"end":{"line":108,"column":42}},{"start":{"line":108,"column":46},"end":{"line":108,"column":58}}],"line":108},"9":{"loc":{"start":{"line":112,"column":7},"end":{"line":127,"column":3}},"type":"if","locations":[{"start":{"line":112,"column":7},"end":{"line":127,"column":3}},{"start":{"line":112,"column":7},"end":{"line":127,"column":3}}],"line":112},"10":{"loc":{"start":{"line":116,"column":4},"end":{"line":125,"column":5}},"type":"if","locations":[{"start":{"line":116,"column":4},"end":{"line":125,"column":5}},{"start":{"line":116,"column":4},"end":{"line":125,"column":5}}],"line":116},"11":{"loc":{"start":{"line":116,"column":7},"end":{"line":116,"column":91}},"type":"binary-expr","locations":[{"start":{"line":116,"column":7},"end":{"line":116,"column":22}},{"start":{"line":116,"column":27},"end":{"line":116,"column":58}},{"start":{"line":116,"column":62},"end":{"line":116,"column":90}}],"line":116},"12":{"loc":{"start":{"line":119,"column":6},"end":{"line":124,"column":7}},"type":"if","locations":[{"start":{"line":119,"column":6},"end":{"line":124,"column":7}},{"start":{"line":119,"column":6},"end":{"line":124,"column":7}}],"line":119}},"s":{"0":1,"1":1,"2":1,"3":1,"4":1,"5":1,"6":6,"7":3,"8":3,"9":1,"10":14,"11":14,"12":14,"13":14,"14":12,"15":2,"16":2,"17":2,"18":1,"19":8,"20":8,"21":2,"22":6,"23":2,"24":4,"25":1,"26":10,"27":10,"28":1,"29":9,"30":2,"31":7,"32":7,"33":7,"34":1,"35":13,"36":3,"37":10,"38":2,"39":8,"40":8,"41":8,"42":4,"43":4,"44":1},"f":{"0":6,"1":14,"2":8,"3":10,"4":13},"b":{"0":[3,3],"1":[12,2],"2":[2,6],"3":[2,4],"4":[6,4],"5":[1,9],"6":[2,7],"7":[3,10],"8":[13,11],"9":[2,8],"10":[8,0],"11":[8,8,4],"12":[4,4]},"_coverageSchema":"1a1c01bbd47fc00a2c39e90264f33305004495a9","hash":"0e5813f45aba0645213a67a20afd990eb59d2046","contentHash":"8fdb0c870e73092d65149fb580508115f2ecba88396e0f822503e366c44b485a"}
,"C:\\Users\\jaakk\\Documents\\Yl-kurs\\a642905\\webdevi Group\\webdev1-group-71\\controllers\\products.js": {"path":"C:\\Users\\jaakk\\Documents\\Yl-kurs\\a642905\\webdevi Group\\webdev1-group-71\\controllers\\products.js","statementMap":{"0":{"start":{"line":1,"column":22},"end":{"line":1,"column":55}},"1":{"start":{"line":3,"column":17},"end":{"line":3,"column":45}},"2":{"start":{"line":4,"column":20},"end":{"line":4,"column":52}},"3":{"start":{"line":12,"column":23},"end":{"line":14,"column":1}},"4":{"start":{"line":13,"column":2},"end":{"line":13,"column":66}},"5":{"start":{"line":20,"column":27},"end":{"line":25,"column":1}},"6":{"start":{"line":21,"column":24},"end":{"line":21,"column":58}},"7":{"start":{"line":22,"column":2},"end":{"line":24,"column":61}},"8":{"start":{"line":22,"column":21},"end":{"line":22,"column":60}},"9":{"start":{"line":24,"column":7},"end":{"line":24,"column":61}},"10":{"start":{"line":32,"column":22},"end":{"line":59,"column":1}},"11":{"start":{"line":33,"column":24},"end":{"line":33,"column":65}},"12":{"start":{"line":34,"column":2},"end":{"line":34,"column":61}},"13":{"start":{"line":34,"column":21},"end":{"line":34,"column":61}},"14":{"start":{"line":35,"column":44},"end":{"line":35,"column":55}},"15":{"start":{"line":36,"column":2},"end":{"line":41,"column":3}},"16":{"start":{"line":37,"column":4},"end":{"line":39,"column":5}},"17":{"start":{"line":38,"column":6},"end":{"line":38,"column":61}},"18":{"start":{"line":40,"column":4},"end":{"line":40,"column":30}},"19":{"start":{"line":42,"column":2},"end":{"line":47,"column":3}},"20":{"start":{"line":43,"column":4},"end":{"line":45,"column":5}},"21":{"start":{"line":44,"column":6},"end":{"line":44,"column":61}},"22":{"start":{"line":46,"column":4},"end":{"line":46,"column":32}},"23":{"start":{"line":48,"column":2},"end":{"line":50,"column":3}},"24":{"start":{"line":49,"column":4},"end":{"line":49,"column":32}},"25":{"start":{"line":51,"column":2},"end":{"line":53,"column":3}},"26":{"start":{"line":52,"column":4},"end":{"line":52,"column":44}},"27":{"start":{"line":54,"column":2},"end":{"line":54,"column":29}},"28":{"start":{"line":55,"column":25},"end":{"line":55,"column":66}},"29":{"start":{"line":56,"column":26},"end":{"line":56,"column":51}},"30":{"start":{"line":57,"column":2},"end":{"line":57,"column":32}},"31":{"start":{"line":58,"column":2},"end":{"line":58,"column":65}},"32":{"start":{"line":65,"column":22},"end":{"line":73,"column":1}},"33":{"start":{"line":66,"column":23},"end":{"line":66,"column":57}},"34":{"start":{"line":67,"column":2},"end":{"line":72,"column":3}},"35":{"start":{"line":67,"column":20},"end":{"line":67,"column":60}},"36":{"start":{"line":69,"column":4},"end":{"line":69,"column":47}},"37":{"start":{"line":71,"column":4},"end":{"line":71,"column":58}},"38":{"start":{"line":79,"column":25},"end":{"line":90,"column":1}},"39":{"start":{"line":80,"column":2},"end":{"line":82,"column":3}},"40":{"start":{"line":81,"column":4},"end":{"line":81,"column":61}},"41":{"start":{"line":83,"column":21},"end":{"line":83,"column":46}},"42":{"start":{"line":84,"column":2},"end":{"line":84,"column":26}},"43":{"start":{"line":85,"column":26},"end":{"line":85,"column":65}},"44":{"start":{"line":86,"column":26},"end":{"line":86,"column":41}},"45":{"start":{"line":87,"column":2},"end":{"line":87,"column":32}},"46":{"start":{"line":89,"column":2},"end":{"line":89,"column":66}},"47":{"start":{"line":100,"column":26},"end":{"line":122,"column":1}},"48":{"start":{"line":102,"column":2},"end":{"line":104,"column":3}},"49":{"start":{"line":103,"column":6},"end":{"line":103,"column":49}},"50":{"start":{"line":105,"column":2},"end":{"line":108,"column":3}},"51":{"start":{"line":107,"column":4},"end":{"line":107,"column":29}},"52":{"start":{"line":109,"column":2},"end":{"line":120,"column":3}},"53":{"start":{"line":110,"column":4},"end":{"line":119,"column":5}},"54":{"start":{"line":111,"column":6},"end":{"line":111,"column":46}},"55":{"start":{"line":113,"column":9},"end":{"line":119,"column":5}},"56":{"start":{"line":114,"column":6},"end":{"line":114,"column":98}},"57":{"start":{"line":117,"column":26},"end":{"line":117,"column":67}},"58":{"start":{"line":118,"column":6},"end":{"line":118,"column":52}},"59":{"start":{"line":132,"column":31},"end":{"line":152,"column":1}},"60":{"start":{"line":133,"column":2},"end":{"line":135,"column":3}},"61":{"start":{"line":134,"column":4},"end":{"line":134,"column":54}},"62":{"start":{"line":136,"column":20},"end":{"line":136,"column":45}},"63":{"start":{"line":137,"column":2},"end":{"line":139,"column":3}},"64":{"start":{"line":138,"column":6},"end":{"line":138,"column":62}},"65":{"start":{"line":140,"column":2},"end":{"line":142,"column":3}},"66":{"start":{"line":141,"column":4},"end":{"line":141,"column":51}},"67":{"start":{"line":144,"column":2},"end":{"line":151,"column":41}},"68":{"start":{"line":145,"column":4},"end":{"line":149,"column":76}},"69":{"start":{"line":146,"column":26},"end":{"line":146,"column":67}},"70":{"start":{"line":147,"column":6},"end":{"line":147,"column":61}},"71":{"start":{"line":149,"column":9},"end":{"line":149,"column":76}},"72":{"start":{"line":149,"column":34},"end":{"line":149,"column":76}},"73":{"start":{"line":151,"column":7},"end":{"line":151,"column":41}},"74":{"start":{"line":154,"column":0},"end":{"line":154,"column":148}}},"fnMap":{"0":{"name":"(anonymous_0)","decl":{"start":{"line":12,"column":23},"end":{"line":12,"column":24}},"loc":{"start":{"line":12,"column":41},"end":{"line":14,"column":1}},"line":12},"1":{"name":"(anonymous_1)","decl":{"start":{"line":20,"column":27},"end":{"line":20,"column":28}},"loc":{"start":{"line":20,"column":58},"end":{"line":25,"column":1}},"line":20},"2":{"name":"(anonymous_2)","decl":{"start":{"line":32,"column":22},"end":{"line":32,"column":23}},"loc":{"start":{"line":32,"column":66},"end":{"line":59,"column":1}},"line":32},"3":{"name":"(anonymous_3)","decl":{"start":{"line":65,"column":22},"end":{"line":65,"column":23}},"loc":{"start":{"line":65,"column":53},"end":{"line":73,"column":1}},"line":65},"4":{"name":"(anonymous_4)","decl":{"start":{"line":79,"column":25},"end":{"line":79,"column":26}},"loc":{"start":{"line":79,"column":58},"end":{"line":90,"column":1}},"line":79},"5":{"name":"(anonymous_5)","decl":{"start":{"line":100,"column":26},"end":{"line":100,"column":27}},"loc":{"start":{"line":100,"column":76},"end":{"line":122,"column":1}},"line":100},"6":{"name":"(anonymous_6)","decl":{"start":{"line":132,"column":31},"end":{"line":132,"column":32}},"loc":{"start":{"line":132,"column":91},"end":{"line":152,"column":1}},"line":132}},"branchMap":{"0":{"loc":{"start":{"line":22,"column":2},"end":{"line":24,"column":61}},"type":"if","locations":[{"start":{"line":22,"column":2},"end":{"line":24,"column":61}},{"start":{"line":22,"column":2},"end":{"line":24,"column":61}}],"line":22},"1":{"loc":{"start":{"line":34,"column":2},"end":{"line":34,"column":61}},"type":"if","locations":[{"start":{"line":34,"column":2},"end":{"line":34,"column":61}},{"start":{"line":34,"column":2},"end":{"line":34,"column":61}}],"line":34},"2":{"loc":{"start":{"line":36,"column":2},"end":{"line":41,"column":3}},"type":"if","locations":[{"start":{"line":36,"column":2},"end":{"line":41,"column":3}},{"start":{"line":36,"column":2},"end":{"line":41,"column":3}}],"line":36},"3":{"loc":{"start":{"line":37,"column":4},"end":{"line":39,"column":5}},"type":"if","locations":[{"start":{"line":37,"column":4},"end":{"line":39,"column":5}},{"start":{"line":37,"column":4},"end":{"line":39,"column":5}}],"line":37},"4":{"loc":{"start":{"line":42,"column":2},"end":{"line":47,"column":3}},"type":"if","locations":[{"start":{"line":42,"column":2},"end":{"line":47,"column":3}},{"start":{"line":42,"column":2},"end":{"line":47,"column":3}}],"line":42},"5":{"loc":{"start":{"line":43,"column":4},"end":{"line":45,"column":5}},"type":"if","locations":[{"start":{"line":43,"column":4},"end":{"line":45,"column":5}},{"start":{"line":43,"column":4},"end":{"line":45,"column":5}}],"line":43},"6":{"loc":{"start":{"line":43,"column":7},"end":{"line":43,"column":33}},"type":"binary-expr","locations":[{"start":{"line":43,"column":7},"end":{"line":43,"column":17}},{"start":{"line":43,"column":21},"end":{"line":43,"column":33}}],"line":43},"7":{"loc":{"start":{"line":48,"column":2},"end":{"line":50,"column":3}},"type":"if","locations":[{"start":{"line":48,"column":2},"end":{"line":50,"column":3}},{"start":{"line":48,"column":2},"end":{"line":50,"column":3}}],"line":48},"8":{"loc":{"start":{"line":51,"column":2},"end":{"line":53,"column":3}},"type":"if","locations":[{"start":{"line":51,"column":2},"end":{"line":53,"column":3}},{"start":{"line":51,"column":2},"end":{"line":53,"column":3}}],"line":51},"9":{"loc":{"start":{"line":67,"column":2},"end":{"line":72,"column":3}},"type":"if","locations":[{"start":{"line":67,"column":2},"end":{"line":72,"column":3}},{"start":{"line":67,"column":2},"end":{"line":72,"column":3}}],"line":67},"10":{"loc":{"start":{"line":80,"column":2},"end":{"line":82,"column":3}},"type":"if","locations":[{"start":{"line":80,"column":2},"end":{"line":82,"column":3}},{"start":{"line":80,"column":2},"end":{"line":82,"column":3}}],"line":80},"11":{"loc":{"start":{"line":80,"column":5},"end":{"line":80,"column":48}},"type":"binary-expr","locations":[{"start":{"line":80,"column":5},"end":{"line":80,"column":24}},{"start":{"line":80,"column":28},"end":{"line":80,"column":48}}],"line":80},"12":{"loc":{"start":{"line":102,"column":2},"end":{"line":104,"column":3}},"type":"if","locations":[{"start":{"line":102,"column":2},"end":{"line":104,"column":3}},{"start":{"line":102,"column":2},"end":{"line":104,"column":3}}],"line":102},"13":{"loc":{"start":{"line":105,"column":2},"end":{"line":108,"column":3}},"type":"if","locations":[{"start":{"line":105,"column":2},"end":{"line":108,"column":3}},{"start":{"line":105,"column":2},"end":{"line":108,"column":3}}],"line":105},"14":{"loc":{"start":{"line":105,"column":5},"end":{"line":105,"column":90}},"type":"binary-expr","locations":[{"start":{"line":105,"column":5},"end":{"line":105,"column":21}},{"start":{"line":105,"column":26},"end":{"line":105,"column":57}},{"start":{"line":105,"column":61},"end":{"line":105,"column":89}}],"line":105},"15":{"loc":{"start":{"line":109,"column":2},"end":{"line":120,"column":3}},"type":"if","locations":[{"start":{"line":109,"column":2},"end":{"line":120,"column":3}},{"start":{"line":109,"column":2},"end":{"line":120,"column":3}}],"line":109},"16":{"loc":{"start":{"line":110,"column":4},"end":{"line":119,"column":5}},"type":"if","locations":[{"start":{"line":110,"column":4},"end":{"line":119,"column":5}},{"start":{"line":110,"column":4},"end":{"line":119,"column":5}}],"line":110},"17":{"loc":{"start":{"line":113,"column":9},"end":{"line":119,"column":5}},"type":"if","locations":[{"start":{"line":113,"column":9},"end":{"line":119,"column":5}},{"start":{"line":113,"column":9},"end":{"line":119,"column":5}}],"line":113},"18":{"loc":{"start":{"line":133,"column":2},"end":{"line":135,"column":3}},"type":"if","locations":[{"start":{"line":133,"column":2},"end":{"line":135,"column":3}},{"start":{"line":133,"column":2},"end":{"line":135,"column":3}}],"line":133},"19":{"loc":{"start":{"line":133,"column":5},"end":{"line":133,"column":58}},"type":"binary-expr","locations":[{"start":{"line":133,"column":5},"end":{"line":133,"column":42}},{"start":{"line":133,"column":46},"end":{"line":133,"column":58}}],"line":133},"20":{"loc":{"start":{"line":137,"column":2},"end":{"line":139,"column":3}},"type":"if","locations":[{"start":{"line":137,"column":2},"end":{"line":139,"column":3}},{"start":{"line":137,"column":2},"end":{"line":139,"column":3}}],"line":137},"21":{"loc":{"start":{"line":140,"column":2},"end":{"line":142,"column":3}},"type":"if","locations":[{"start":{"line":140,"column":2},"end":{"line":142,"column":3}},{"start":{"line":140,"column":2},"end":{"line":142,"column":3}}],"line":140},"22":{"loc":{"start":{"line":140,"column":5},"end":{"line":140,"column":89}},"type":"binary-expr","locations":[{"start":{"line":140,"column":5},"end":{"line":140,"column":21}},{"start":{"line":140,"column":25},"end":{"line":140,"column":56}},{"start":{"line":140,"column":60},"end":{"line":140,"column":88}}],"line":140},"23":{"loc":{"start":{"line":144,"column":2},"end":{"line":151,"column":41}},"type":"if","locations":[{"start":{"line":144,"column":2},"end":{"line":151,"column":41}},{"start":{"line":144,"column":2},"end":{"line":151,"column":41}}],"line":144},"24":{"loc":{"start":{"line":145,"column":4},"end":{"line":149,"column":76}},"type":"if","locations":[{"start":{"line":145,"column":4},"end":{"line":149,"column":76}},{"start":{"line":145,"column":4},"end":{"line":149,"column":76}}],"line":145},"25":{"loc":{"start":{"line":149,"column":9},"end":{"line":149,"column":76}},"type":"if","locations":[{"start":{"line":149,"column":9},"end":{"line":149,"column":76}},{"start":{"line":149,"column":9},"end":{"line":149,"column":76}}],"line":149}},"s":{"0":1,"1":1,"2":1,"3":1,"4":13,"5":1,"6":5,"7":5,"8":2,"9":3,"10":1,"11":11,"12":11,"13":2,"14":9,"15":9,"16":6,"17":2,"18":4,"19":7,"20":7,"21":4,"22":3,"23":3,"24":2,"25":3,"26":2,"27":3,"28":3,"29":3,"30":3,"31":3,"32":1,"33":5,"34":5,"35":2,"36":3,"37":3,"38":1,"39":5,"40":3,"41":2,"42":2,"43":2,"44":2,"45":2,"46":2,"47":1,"48":19,"49":1,"50":19,"51":11,"52":19,"53":5,"54":1,"55":4,"56":1,"57":3,"58":3,"59":1,"60":30,"61":9,"62":21,"63":21,"64":6,"65":15,"66":3,"67":12,"68":10,"69":7,"70":7,"71":3,"72":3,"73":2,"74":1},"f":{"0":13,"1":5,"2":11,"3":5,"4":5,"5":19,"6":30},"b":{"0":[2,3],"1":[2,9],"2":[6,3],"3":[2,4],"4":[7,0],"5":[4,3],"6":[7,4],"7":[2,1],"8":[2,1],"9":[2,3],"10":[3,2],"11":[5,3],"12":[1,18],"13":[11,8],"14":[19,11,9],"15":[5,14],"16":[1,4],"17":[1,3],"18":[9,21],"19":[30,24],"20":[6,15],"21":[3,12],"22":[15,3,2],"23":[10,2],"24":[7,3],"25":[3,0]},"_coverageSchema":"1a1c01bbd47fc00a2c39e90264f33305004495a9","hash":"c59d4c9856604378b941035fce6f498c208a1793","contentHash":"c2cb0c319050ca22acae325ee77580c063033561e0472fe0e1f3dca62bfeff73"}
,"C:\\Users\\jaakk\\Documents\\Yl-kurs\\a642905\\webdevi Group\\webdev1-group-71\\controllers\\users.js": {"path":"C:\\Users\\jaakk\\Documents\\Yl-kurs\\a642905\\webdevi Group\\webdev1-group-71\\controllers\\users.js","statementMap":{"0":{"start":{"line":1,"column":22},"end":{"line":1,"column":55}},"1":{"start":{"line":2,"column":20},"end":{"line":2,"column":52}},"2":{"start":{"line":3,"column":13},"end":{"line":3,"column":38}},"3":{"start":{"line":4,"column":24},"end":{"line":4,"column":56}},"4":{"start":{"line":12,"column":20},"end":{"line":15,"column":1}},"5":{"start":{"line":14,"column":2},"end":{"line":14,"column":63}},"6":{"start":{"line":24,"column":19},"end":{"line":31,"column":1}},"7":{"start":{"line":26,"column":2},"end":{"line":26,"column":123}},"8":{"start":{"line":26,"column":45},"end":{"line":26,"column":123}},"9":{"start":{"line":27,"column":20},"end":{"line":27,"column":47}},"10":{"start":{"line":28,"column":2},"end":{"line":28,"column":57}},"11":{"start":{"line":28,"column":17},"end":{"line":28,"column":57}},"12":{"start":{"line":29,"column":2},"end":{"line":29,"column":49}},"13":{"start":{"line":30,"column":2},"end":{"line":30,"column":53}},"14":{"start":{"line":41,"column":19},"end":{"line":64,"column":1}},"15":{"start":{"line":43,"column":21},"end":{"line":43,"column":55}},"16":{"start":{"line":46,"column":2},"end":{"line":46,"column":58}},"17":{"start":{"line":46,"column":18},"end":{"line":46,"column":58}},"18":{"start":{"line":49,"column":2},"end":{"line":49,"column":123}},"19":{"start":{"line":49,"column":45},"end":{"line":49,"column":123}},"20":{"start":{"line":51,"column":17},"end":{"line":51,"column":25}},"21":{"start":{"line":52,"column":2},"end":{"line":63,"column":3}},"22":{"start":{"line":53,"column":4},"end":{"line":53,"column":46}},"23":{"start":{"line":56,"column":4},"end":{"line":56,"column":27}},"24":{"start":{"line":57,"column":4},"end":{"line":57,"column":28}},"25":{"start":{"line":59,"column":24},"end":{"line":59,"column":58}},"26":{"start":{"line":60,"column":25},"end":{"line":60,"column":47}},"27":{"start":{"line":61,"column":4},"end":{"line":61,"column":31}},"28":{"start":{"line":62,"column":4},"end":{"line":62,"column":58}},"29":{"start":{"line":73,"column":17},"end":{"line":84,"column":1}},"30":{"start":{"line":75,"column":21},"end":{"line":75,"column":55}},"31":{"start":{"line":78,"column":2},"end":{"line":78,"column":58}},"32":{"start":{"line":78,"column":18},"end":{"line":78,"column":58}},"33":{"start":{"line":81,"column":2},"end":{"line":83,"column":3}},"34":{"start":{"line":82,"column":4},"end":{"line":82,"column":56}},"35":{"start":{"line":92,"column":21},"end":{"line":114,"column":1}},"36":{"start":{"line":93,"column":22},"end":{"line":93,"column":70}},"37":{"start":{"line":95,"column":2},"end":{"line":112,"column":3}},"38":{"start":{"line":95,"column":18},"end":{"line":95,"column":74}},"39":{"start":{"line":97,"column":20},"end":{"line":97,"column":38}},"40":{"start":{"line":98,"column":4},"end":{"line":98,"column":28}},"41":{"start":{"line":99,"column":18},"end":{"line":99,"column":40}},"42":{"start":{"line":101,"column":4},"end":{"line":111,"column":5}},"43":{"start":{"line":101,"column":14},"end":{"line":101,"column":70}},"44":{"start":{"line":104,"column":6},"end":{"line":104,"column":27}},"45":{"start":{"line":107,"column":27},"end":{"line":107,"column":59}},"46":{"start":{"line":110,"column":6},"end":{"line":110,"column":67}},"47":{"start":{"line":125,"column":30},"end":{"line":159,"column":1}},"48":{"start":{"line":129,"column":2},"end":{"line":131,"column":3}},"49":{"start":{"line":130,"column":4},"end":{"line":130,"column":54}},"50":{"start":{"line":133,"column":2},"end":{"line":135,"column":3}},"51":{"start":{"line":134,"column":4},"end":{"line":134,"column":60}},"52":{"start":{"line":136,"column":17},"end":{"line":136,"column":42}},"53":{"start":{"line":143,"column":2},"end":{"line":157,"column":47}},"54":{"start":{"line":144,"column":4},"end":{"line":145,"column":77}},"55":{"start":{"line":144,"column":28},"end":{"line":144,"column":76}},"56":{"start":{"line":145,"column":9},"end":{"line":145,"column":77}},"57":{"start":{"line":145,"column":31},"end":{"line":145,"column":77}},"58":{"start":{"line":148,"column":4},"end":{"line":155,"column":5}},"59":{"start":{"line":150,"column":23},"end":{"line":150,"column":64}},"60":{"start":{"line":151,"column":6},"end":{"line":154,"column":69}},"61":{"start":{"line":152,"column":8},"end":{"line":152,"column":59}},"62":{"start":{"line":154,"column":11},"end":{"line":154,"column":69}},"63":{"start":{"line":157,"column":7},"end":{"line":157,"column":47}},"64":{"start":{"line":166,"column":28},"end":{"line":174,"column":1}},"65":{"start":{"line":168,"column":2},"end":{"line":170,"column":3}},"66":{"start":{"line":169,"column":4},"end":{"line":169,"column":97}},"67":{"start":{"line":172,"column":19},"end":{"line":172,"column":60}},"68":{"start":{"line":173,"column":2},"end":{"line":173,"column":42}},"69":{"start":{"line":181,"column":24},"end":{"line":192,"column":1}},"70":{"start":{"line":183,"column":5},"end":{"line":190,"column":5}},"71":{"start":{"line":184,"column":6},"end":{"line":184,"column":35}},"72":{"start":{"line":189,"column":6},"end":{"line":189,"column":47}},"73":{"start":{"line":194,"column":0},"end":{"line":194,"column":142}}},"fnMap":{"0":{"name":"(anonymous_0)","decl":{"start":{"line":12,"column":20},"end":{"line":12,"column":21}},"loc":{"start":{"line":12,"column":38},"end":{"line":15,"column":1}},"line":12},"1":{"name":"(anonymous_1)","decl":{"start":{"line":24,"column":19},"end":{"line":24,"column":20}},"loc":{"start":{"line":24,"column":60},"end":{"line":31,"column":1}},"line":24},"2":{"name":"(anonymous_2)","decl":{"start":{"line":41,"column":19},"end":{"line":41,"column":20}},"loc":{"start":{"line":41,"column":70},"end":{"line":64,"column":1}},"line":41},"3":{"name":"(anonymous_3)","decl":{"start":{"line":73,"column":17},"end":{"line":73,"column":18}},"loc":{"start":{"line":73,"column":58},"end":{"line":84,"column":1}},"line":73},"4":{"name":"(anonymous_4)","decl":{"start":{"line":92,"column":21},"end":{"line":92,"column":22}},"loc":{"start":{"line":92,"column":51},"end":{"line":114,"column":1}},"line":92},"5":{"name":"(anonymous_5)","decl":{"start":{"line":125,"column":30},"end":{"line":125,"column":31}},"loc":{"start":{"line":125,"column":90},"end":{"line":159,"column":1}},"line":125},"6":{"name":"(anonymous_6)","decl":{"start":{"line":166,"column":28},"end":{"line":166,"column":29}},"loc":{"start":{"line":166,"column":57},"end":{"line":174,"column":1}},"line":166},"7":{"name":"(anonymous_7)","decl":{"start":{"line":181,"column":24},"end":{"line":181,"column":25}},"loc":{"start":{"line":181,"column":52},"end":{"line":192,"column":1}},"line":181}},"branchMap":{"0":{"loc":{"start":{"line":26,"column":2},"end":{"line":26,"column":123}},"type":"if","locations":[{"start":{"line":26,"column":2},"end":{"line":26,"column":123}},{"start":{"line":26,"column":2},"end":{"line":26,"column":123}}],"line":26},"1":{"loc":{"start":{"line":28,"column":2},"end":{"line":28,"column":57}},"type":"if","locations":[{"start":{"line":28,"column":2},"end":{"line":28,"column":57}},{"start":{"line":28,"column":2},"end":{"line":28,"column":57}}],"line":28},"2":{"loc":{"start":{"line":46,"column":2},"end":{"line":46,"column":58}},"type":"if","locations":[{"start":{"line":46,"column":2},"end":{"line":46,"column":58}},{"start":{"line":46,"column":2},"end":{"line":46,"column":58}}],"line":46},"3":{"loc":{"start":{"line":49,"column":2},"end":{"line":49,"column":123}},"type":"if","locations":[{"start":{"line":49,"column":2},"end":{"line":49,"column":123}},{"start":{"line":49,"column":2},"end":{"line":49,"column":123}}],"line":49},"4":{"loc":{"start":{"line":52,"column":2},"end":{"line":63,"column":3}},"type":"if","locations":[{"start":{"line":52,"column":2},"end":{"line":63,"column":3}},{"start":{"line":52,"column":2},"end":{"line":63,"column":3}}],"line":52},"5":{"loc":{"start":{"line":52,"column":5},"end":{"line":52,"column":55}},"type":"binary-expr","locations":[{"start":{"line":52,"column":5},"end":{"line":52,"column":10}},{"start":{"line":52,"column":15},"end":{"line":52,"column":34}},{"start":{"line":52,"column":38},"end":{"line":52,"column":54}}],"line":52},"6":{"loc":{"start":{"line":78,"column":2},"end":{"line":78,"column":58}},"type":"if","locations":[{"start":{"line":78,"column":2},"end":{"line":78,"column":58}},{"start":{"line":78,"column":2},"end":{"line":78,"column":58}}],"line":78},"7":{"loc":{"start":{"line":81,"column":2},"end":{"line":83,"column":3}},"type":"if","locations":[{"start":{"line":81,"column":2},"end":{"line":83,"column":3}},{"start":{"line":81,"column":2},"end":{"line":83,"column":3}}],"line":81},"8":{"loc":{"start":{"line":95,"column":2},"end":{"line":112,"column":3}},"type":"if","locations":[{"start":{"line":95,"column":2},"end":{"line":112,"column":3}},{"start":{"line":95,"column":2},"end":{"line":112,"column":3}}],"line":95},"9":{"loc":{"start":{"line":101,"column":4},"end":{"line":111,"column":5}},"type":"if","locations":[{"start":{"line":101,"column":4},"end":{"line":111,"column":5}},{"start":{"line":101,"column":4},"end":{"line":111,"column":5}}],"line":101},"10":{"loc":{"start":{"line":129,"column":2},"end":{"line":131,"column":3}},"type":"if","locations":[{"start":{"line":129,"column":2},"end":{"line":131,"column":3}},{"start":{"line":129,"column":2},"end":{"line":131,"column":3}}],"line":129},"11":{"loc":{"start":{"line":129,"column":5},"end":{"line":129,"column":58}},"type":"binary-expr","locations":[{"start":{"line":129,"column":5},"end":{"line":129,"column":42}},{"start":{"line":129,"column":46},"end":{"line":129,"column":58}}],"line":129},"12":{"loc":{"start":{"line":133,"column":2},"end":{"line":135,"column":3}},"type":"if","locations":[{"start":{"line":133,"column":2},"end":{"line":135,"column":3}},{"start":{"line":133,"column":2},"end":{"line":135,"column":3}}],"line":133},"13":{"loc":{"start":{"line":143,"column":2},"end":{"line":157,"column":47}},"type":"if","locations":[{"start":{"line":143,"column":2},"end":{"line":157,"column":47}},{"start":{"line":143,"column":2},"end":{"line":157,"column":47}}],"line":143},"14":{"loc":{"start":{"line":144,"column":4},"end":{"line":145,"column":77}},"type":"if","locations":[{"start":{"line":144,"column":4},"end":{"line":145,"column":77}},{"start":{"line":144,"column":4},"end":{"line":145,"column":77}}],"line":144},"15":{"loc":{"start":{"line":145,"column":9},"end":{"line":145,"column":77}},"type":"if","locations":[{"start":{"line":145,"column":9},"end":{"line":145,"column":77}},{"start":{"line":145,"column":9},"end":{"line":145,"column":77}}],"line":145},"16":{"loc":{"start":{"line":148,"column":4},"end":{"line":155,"column":5}},"type":"if","locations":[{"start":{"line":148,"column":4},"end":{"line":155,"column":5}},{"start":{"line":148,"column":4},"end":{"line":155,"column":5}}],"line":148},"17":{"loc":{"start":{"line":151,"column":6},"end":{"line":154,"column":69}},"type":"if","locations":[{"start":{"line":151,"column":6},"end":{"line":154,"column":69}},{"start":{"line":151,"column":6},"end":{"line":154,"column":69}}],"line":151},"18":{"loc":{"start":{"line":151,"column":11},"end":{"line":151,"column":68}},"type":"binary-expr","locations":[{"start":{"line":151,"column":11},"end":{"line":151,"column":36}},{"start":{"line":151,"column":40},"end":{"line":151,"column":68}}],"line":151},"19":{"loc":{"start":{"line":168,"column":2},"end":{"line":170,"column":3}},"type":"if","locations":[{"start":{"line":168,"column":2},"end":{"line":170,"column":3}},{"start":{"line":168,"column":2},"end":{"line":170,"column":3}}],"line":168},"20":{"loc":{"start":{"line":183,"column":5},"end":{"line":190,"column":5}},"type":"if","locations":[{"start":{"line":183,"column":5},"end":{"line":190,"column":5}},{"start":{"line":183,"column":5},"end":{"line":190,"column":5}}],"line":183}},"s":{"0":1,"1":1,"2":1,"3":1,"4":1,"5":8,"6":1,"7":9,"8":1,"9":8,"10":8,"11":2,"12":6,"13":6,"14":1,"15":9,"16":9,"17":2,"18":7,"19":1,"20":6,"21":6,"22":2,"23":4,"24":4,"25":4,"26":4,"27":4,"28":4,"29":1,"30":5,"31":5,"32":2,"33":3,"34":3,"35":1,"36":15,"37":15,"38":2,"39":13,"40":13,"41":13,"42":13,"43":7,"44":6,"45":6,"46":6,"47":1,"48":34,"49":10,"50":24,"51":6,"52":18,"53":18,"54":14,"55":5,"56":9,"57":3,"58":14,"59":6,"60":6,"61":2,"62":4,"63":4,"64":1,"65":9,"66":2,"67":7,"68":7,"69":1,"70":9,"71":7,"72":2,"73":1},"f":{"0":8,"1":9,"2":9,"3":5,"4":15,"5":34,"6":9,"7":9},"b":{"0":[1,8],"1":[2,6],"2":[2,7],"3":[1,6],"4":[2,4],"5":[6,5,4],"6":[2,3],"7":[3,0],"8":[2,13],"9":[7,6],"10":[10,24],"11":[34,27],"12":[6,18],"13":[14,4],"14":[5,9],"15":[3,6],"16":[6,8],"17":[2,4],"18":[6,3],"19":[2,7],"20":[7,2]},"_coverageSchema":"1a1c01bbd47fc00a2c39e90264f33305004495a9","hash":"058d001d2d443e45db9299f4b4ea9e279e3ea3cc","contentHash":"d53c0239fac9f1202fe8c97f329ae95f0653e3019af5f85221e279c8392082ae"}
,"C:\\Users\\jaakk\\Documents\\Yl-kurs\\a642905\\webdevi Group\\webdev1-group-71\\models\\db.js": {"path":"C:\\Users\\jaakk\\Documents\\Yl-kurs\\a642905\\webdevi Group\\webdev1-group-71\\models\\db.js","statementMap":{"0":{"start":{"line":5,"column":20},"end":{"line":5,"column":57}},"1":{"start":{"line":8,"column":13},"end":{"line":8,"column":28}},"2":{"start":{"line":9,"column":19},"end":{"line":9,"column":53}},"3":{"start":{"line":10,"column":0},"end":{"line":10,"column":47}},"4":{"start":{"line":14,"column":17},"end":{"line":14,"column":36}},"5":{"start":{"line":24,"column":17},"end":{"line":30,"column":1}},"6":{"start":{"line":27,"column":2},"end":{"line":27,"column":61}},"7":{"start":{"line":34,"column":2},"end":{"line":51,"column":3}},"8":{"start":{"line":35,"column":4},"end":{"line":50,"column":34}},"9":{"start":{"line":44,"column":8},"end":{"line":46,"column":11}},"10":{"start":{"line":45,"column":10},"end":{"line":45,"column":29}},"11":{"start":{"line":48,"column":8},"end":{"line":48,"column":71}},"12":{"start":{"line":55,"column":2},"end":{"line":55,"column":21}},"13":{"start":{"line":56,"column":2},"end":{"line":56,"column":12}},"14":{"start":{"line":60,"column":2},"end":{"line":60,"column":24}},"15":{"start":{"line":63,"column":0},"end":{"line":63,"column":55}}},"fnMap":{"0":{"name":"(anonymous_0)","decl":{"start":{"line":24,"column":17},"end":{"line":24,"column":18}},"loc":{"start":{"line":24,"column":23},"end":{"line":30,"column":1}},"line":24},"1":{"name":"connectDB","decl":{"start":{"line":32,"column":9},"end":{"line":32,"column":18}},"loc":{"start":{"line":32,"column":22},"end":{"line":52,"column":1}},"line":32},"2":{"name":"(anonymous_2)","decl":{"start":{"line":43,"column":12},"end":{"line":43,"column":13}},"loc":{"start":{"line":43,"column":18},"end":{"line":49,"column":7}},"line":43},"3":{"name":"(anonymous_3)","decl":{"start":{"line":44,"column":40},"end":{"line":44,"column":41}},"loc":{"start":{"line":44,"column":47},"end":{"line":46,"column":9}},"line":44},"4":{"name":"handleCriticalError","decl":{"start":{"line":54,"column":9},"end":{"line":54,"column":28}},"loc":{"start":{"line":54,"column":35},"end":{"line":57,"column":1}},"line":54},"5":{"name":"disconnectDB","decl":{"start":{"line":59,"column":9},"end":{"line":59,"column":21}},"loc":{"start":{"line":59,"column":25},"end":{"line":61,"column":1}},"line":59}},"branchMap":{"0":{"loc":{"start":{"line":27,"column":9},"end":{"line":27,"column":60}},"type":"cond-expr","locations":[{"start":{"line":27,"column":29},"end":{"line":27,"column":46}},{"start":{"line":27,"column":48},"end":{"line":27,"column":60}}],"line":27},"1":{"loc":{"start":{"line":34,"column":2},"end":{"line":51,"column":3}},"type":"if","locations":[{"start":{"line":34,"column":2},"end":{"line":51,"column":3}},{"start":{"line":34,"column":2},"end":{"line":51,"column":3}}],"line":34},"2":{"loc":{"start":{"line":34,"column":6},"end":{"line":34,"column":66}},"type":"binary-expr","locations":[{"start":{"line":34,"column":6},"end":{"line":34,"column":26}},{"start":{"line":34,"column":30},"end":{"line":34,"column":66}}],"line":34}},"s":{"0":1,"1":1,"2":1,"3":1,"4":1,"5":1,"6":2,"7":0,"8":0,"9":0,"10":0,"11":0,"12":0,"13":0,"14":0,"15":1},"f":{"0":2,"1":0,"2":0,"3":0,"4":0,"5":0},"b":{"0":[1,1],"1":[0,0],"2":[0,0]},"_coverageSchema":"1a1c01bbd47fc00a2c39e90264f33305004495a9","hash":"5242c5a054fb3f7aa0e3406d7291664b3c476cc6","contentHash":"a842d2f5ee4722639a0f7d52a47a7fcc823dc53006b6f36cc4139b20d2731290"}
,"C:\\Users\\jaakk\\Documents\\Yl-kurs\\a642905\\webdevi Group\\webdev1-group-71\\models\\order.js": {"path":"C:\\Users\\jaakk\\Documents\\Yl-kurs\\a642905\\webdevi Group\\webdev1-group-71\\models\\order.js","statementMap":{"0":{"start":{"line":1,"column":17},"end":{"line":1,"column":36}},"1":{"start":{"line":2,"column":15},"end":{"line":2,"column":30}},"2":{"start":{"line":7,"column":19},"end":{"line":15,"column":2}},"3":{"start":{"line":20,"column":20},"end":{"line":30,"column":2}},"4":{"start":{"line":39,"column":2},"end":{"line":39,"column":25}},"5":{"start":{"line":49,"column":2},"end":{"line":49,"column":18}},"6":{"start":{"line":59,"column":2},"end":{"line":59,"column":18}},"7":{"start":{"line":63,"column":0},"end":{"line":63,"column":66}},"8":{"start":{"line":65,"column":14},"end":{"line":65,"column":54}},"9":{"start":{"line":66,"column":0},"end":{"line":66,"column":23}}},"fnMap":{"0":{"name":"allowMinimumOneLength","decl":{"start":{"line":38,"column":9},"end":{"line":38,"column":30}},"loc":{"start":{"line":38,"column":36},"end":{"line":40,"column":1}},"line":38},"1":{"name":"allowMinimumOne","decl":{"start":{"line":48,"column":9},"end":{"line":48,"column":24}},"loc":{"start":{"line":48,"column":30},"end":{"line":50,"column":1}},"line":48},"2":{"name":"allowUnsignedValue","decl":{"start":{"line":58,"column":9},"end":{"line":58,"column":27}},"loc":{"start":{"line":58,"column":33},"end":{"line":60,"column":1}},"line":58}},"branchMap":{},"s":{"0":1,"1":1,"2":1,"3":1,"4":1426,"5":1433,"6":1432,"7":1,"8":1,"9":1},"f":{"0":1426,"1":1433,"2":1432},"b":{},"_coverageSchema":"1a1c01bbd47fc00a2c39e90264f33305004495a9","hash":"bbacac354bceb304de7a18a251efd8238dd33532","contentHash":"688dbe0409fb2c551b985a96d08dff3be7a020bea4143cb8264a8fe431c7d8f6"}
,"C:\\Users\\jaakk\\Documents\\Yl-kurs\\a642905\\webdevi Group\\webdev1-group-71\\models\\product.js": {"path":"C:\\Users\\jaakk\\Documents\\Yl-kurs\\a642905\\webdevi Group\\webdev1-group-71\\models\\product.js","statementMap":{"0":{"start":{"line":1,"column":17},"end":{"line":1,"column":36}},"1":{"start":{"line":2,"column":15},"end":{"line":2,"column":30}},"2":{"start":{"line":4,"column":22},"end":{"line":23,"column":2}},"3":{"start":{"line":31,"column":2},"end":{"line":31,"column":18}},"4":{"start":{"line":35,"column":0},"end":{"line":35,"column":68}},"5":{"start":{"line":37,"column":16},"end":{"line":37,"column":60}},"6":{"start":{"line":38,"column":0},"end":{"line":38,"column":25}}},"fnMap":{"0":{"name":"AllowUnsignedValue","decl":{"start":{"line":30,"column":9},"end":{"line":30,"column":27}},"loc":{"start":{"line":30,"column":33},"end":{"line":32,"column":1}},"line":30}},"branchMap":{},"s":{"0":1,"1":1,"2":1,"3":3732,"4":1,"5":1,"6":1},"f":{"0":3732},"b":{},"_coverageSchema":"1a1c01bbd47fc00a2c39e90264f33305004495a9","hash":"65f85381769dd94181afa3aa975c42c24159c0e5","contentHash":"115258abbf4a75a4ed1ec4b0e63ad22edab55e0458c83ec80ab72f84373002d2"}
,"C:\\Users\\jaakk\\Documents\\Yl-kurs\\a642905\\webdevi Group\\webdev1-group-71\\models\\user.js": {"path":"C:\\Users\\jaakk\\Documents\\Yl-kurs\\a642905\\webdevi Group\\webdev1-group-71\\models\\user.js","statementMap":{"0":{"start":{"line":1,"column":15},"end":{"line":1,"column":34}},"1":{"start":{"line":2,"column":17},"end":{"line":2,"column":36}},"2":{"start":{"line":3,"column":15},"end":{"line":3,"column":30}},"3":{"start":{"line":4,"column":13},"end":{"line":4,"column":33}},"4":{"start":{"line":12,"column":16},"end":{"line":17,"column":1}},"5":{"start":{"line":14,"column":2},"end":{"line":14,"column":40}},"6":{"start":{"line":14,"column":27},"end":{"line":14,"column":40}},"7":{"start":{"line":15,"column":15},"end":{"line":15,"column":46}},"8":{"start":{"line":16,"column":2},"end":{"line":16,"column":14}},"9":{"start":{"line":19,"column":19},"end":{"line":46,"column":2}},"10":{"start":{"line":56,"column":0},"end":{"line":62,"column":2}},"11":{"start":{"line":58,"column":18},"end":{"line":58,"column":37}},"12":{"start":{"line":60,"column":15},"end":{"line":60,"column":52}},"13":{"start":{"line":61,"column":2},"end":{"line":61,"column":16}},"14":{"start":{"line":65,"column":0},"end":{"line":65,"column":65}},"15":{"start":{"line":67,"column":13},"end":{"line":67,"column":51}},"16":{"start":{"line":68,"column":0},"end":{"line":68,"column":22}}},"fnMap":{"0":{"name":"(anonymous_0)","decl":{"start":{"line":12,"column":16},"end":{"line":12,"column":17}},"loc":{"start":{"line":12,"column":30},"end":{"line":17,"column":1}},"line":12},"1":{"name":"(anonymous_1)","decl":{"start":{"line":56,"column":35},"end":{"line":56,"column":36}},"loc":{"start":{"line":56,"column":61},"end":{"line":62,"column":1}},"line":56}},"branchMap":{"0":{"loc":{"start":{"line":14,"column":2},"end":{"line":14,"column":40}},"type":"if","locations":[{"start":{"line":14,"column":2},"end":{"line":14,"column":40}},{"start":{"line":14,"column":2},"end":{"line":14,"column":40}}],"line":14}},"s":{"0":1,"1":1,"2":1,"3":1,"4":1,"5":1843,"6":3,"7":1840,"8":1840,"9":1,"10":1,"11":106,"12":106,"13":106,"14":1,"15":1,"16":1},"f":{"0":1843,"1":106},"b":{"0":[3,1840]},"_coverageSchema":"1a1c01bbd47fc00a2c39e90264f33305004495a9","hash":"c50f85de1c76b8f7cd19e3e79623476fa92aec73","contentHash":"558a3e7308f27f0f0481a2a4a7f6cfc65c96e1b84eaac4582f6c8ec2067c6422"}
,"C:\\Users\\jaakk\\Documents\\Yl-kurs\\a642905\\webdevi Group\\webdev1-group-71\\utils\\render.js": {"path":"C:\\Users\\jaakk\\Documents\\Yl-kurs\\a642905\\webdevi Group\\webdev1-group-71\\utils\\render.js","statementMap":{"0":{"start":{"line":1,"column":13},"end":{"line":1,"column":28}},"1":{"start":{"line":2,"column":11},"end":{"line":2,"column":24}},"2":{"start":{"line":4,"column":27},"end":{"line":4,"column":72}},"3":{"start":{"line":13,"column":21},"end":{"line":22,"column":1}},"4":{"start":{"line":14,"column":2},"end":{"line":14,"column":49}},"5":{"start":{"line":14,"column":17},"end":{"line":14,"column":49}},"6":{"start":{"line":16,"column":15},"end":{"line":16,"column":34}},"7":{"start":{"line":17,"column":22},"end":{"line":17,"column":41}},"8":{"start":{"line":18,"column":19},"end":{"line":18,"column":44}},"9":{"start":{"line":20,"column":2},"end":{"line":20,"column":49}},"10":{"start":{"line":20,"column":17},"end":{"line":20,"column":49}},"11":{"start":{"line":21,"column":2},"end":{"line":21,"column":46}},"12":{"start":{"line":30,"column":23},"end":{"line":32,"column":1}},"13":{"start":{"line":31,"column":2},"end":{"line":31,"column":67}},"14":{"start":{"line":40,"column":23},"end":{"line":70,"column":1}},"15":{"start":{"line":41,"column":20},"end":{"line":41,"column":22}},"16":{"start":{"line":43,"column":2},"end":{"line":67,"column":3}},"17":{"start":{"line":45,"column":6},"end":{"line":45,"column":38}},"18":{"start":{"line":46,"column":6},"end":{"line":46,"column":12}},"19":{"start":{"line":48,"column":6},"end":{"line":48,"column":31}},"20":{"start":{"line":49,"column":6},"end":{"line":49,"column":12}},"21":{"start":{"line":51,"column":6},"end":{"line":51,"column":39}},"22":{"start":{"line":52,"column":6},"end":{"line":52,"column":12}},"23":{"start":{"line":54,"column":6},"end":{"line":54,"column":32}},"24":{"start":{"line":55,"column":6},"end":{"line":55,"column":12}},"25":{"start":{"line":57,"column":6},"end":{"line":57,"column":32}},"26":{"start":{"line":58,"column":6},"end":{"line":58,"column":12}},"27":{"start":{"line":60,"column":6},"end":{"line":60,"column":36}},"28":{"start":{"line":61,"column":6},"end":{"line":61,"column":12}},"29":{"start":{"line":63,"column":6},"end":{"line":63,"column":32}},"30":{"start":{"line":64,"column":6},"end":{"line":64,"column":12}},"31":{"start":{"line":66,"column":6},"end":{"line":66,"column":32}},"32":{"start":{"line":69,"column":2},"end":{"line":69,"column":21}},"33":{"start":{"line":72,"column":19},"end":{"line":98,"column":1}},"34":{"start":{"line":73,"column":2},"end":{"line":97,"column":5}},"35":{"start":{"line":74,"column":4},"end":{"line":92,"column":5}},"36":{"start":{"line":75,"column":6},"end":{"line":75,"column":32}},"37":{"start":{"line":76,"column":6},"end":{"line":89,"column":7}},"38":{"start":{"line":78,"column":8},"end":{"line":78,"column":34}},"39":{"start":{"line":79,"column":8},"end":{"line":79,"column":77}},"40":{"start":{"line":79,"column":45},"end":{"line":79,"column":77}},"41":{"start":{"line":80,"column":13},"end":{"line":89,"column":7}},"42":{"start":{"line":81,"column":8},"end":{"line":81,"column":55}},"43":{"start":{"line":83,"column":8},"end":{"line":88,"column":10}},"44":{"start":{"line":91,"column":6},"end":{"line":91,"column":28}},"45":{"start":{"line":94,"column":19},"end":{"line":94,"column":62}},"46":{"start":{"line":95,"column":4},"end":{"line":95,"column":64}},"47":{"start":{"line":96,"column":4},"end":{"line":96,"column":35}},"48":{"start":{"line":100,"column":24},"end":{"line":107,"column":1}},"49":{"start":{"line":101,"column":19},"end":{"line":101,"column":27}},"50":{"start":{"line":103,"column":2},"end":{"line":106,"column":4}},"51":{"start":{"line":109,"column":18},"end":{"line":114,"column":1}},"52":{"start":{"line":110,"column":18},"end":{"line":110,"column":40}},"53":{"start":{"line":111,"column":19},"end":{"line":111,"column":41}},"54":{"start":{"line":112,"column":14},"end":{"line":112,"column":36}},"55":{"start":{"line":113,"column":2},"end":{"line":113,"column":13}},"56":{"start":{"line":116,"column":0},"end":{"line":116,"column":66}}},"fnMap":{"0":{"name":"(anonymous_0)","decl":{"start":{"line":13,"column":21},"end":{"line":13,"column":22}},"loc":{"start":{"line":13,"column":45},"end":{"line":22,"column":1}},"line":13},"1":{"name":"(anonymous_1)","decl":{"start":{"line":30,"column":23},"end":{"line":30,"column":24}},"loc":{"start":{"line":30,"column":35},"end":{"line":32,"column":1}},"line":30},"2":{"name":"(anonymous_2)","decl":{"start":{"line":40,"column":23},"end":{"line":40,"column":24}},"loc":{"start":{"line":40,"column":40},"end":{"line":70,"column":1}},"line":40},"3":{"name":"(anonymous_3)","decl":{"start":{"line":72,"column":19},"end":{"line":72,"column":20}},"loc":{"start":{"line":72,"column":56},"end":{"line":98,"column":1}},"line":72},"4":{"name":"(anonymous_4)","decl":{"start":{"line":73,"column":24},"end":{"line":73,"column":25}},"loc":{"start":{"line":73,"column":44},"end":{"line":97,"column":3}},"line":73},"5":{"name":"(anonymous_5)","decl":{"start":{"line":100,"column":24},"end":{"line":100,"column":25}},"loc":{"start":{"line":100,"column":36},"end":{"line":107,"column":1}},"line":100},"6":{"name":"(anonymous_6)","decl":{"start":{"line":109,"column":18},"end":{"line":109,"column":19}},"loc":{"start":{"line":109,"column":30},"end":{"line":114,"column":1}},"line":109}},"branchMap":{"0":{"loc":{"start":{"line":14,"column":2},"end":{"line":14,"column":49}},"type":"if","locations":[{"start":{"line":14,"column":2},"end":{"line":14,"column":49}},{"start":{"line":14,"column":2},"end":{"line":14,"column":49}}],"line":14},"1":{"loc":{"start":{"line":20,"column":2},"end":{"line":20,"column":49}},"type":"if","locations":[{"start":{"line":20,"column":2},"end":{"line":20,"column":49}},{"start":{"line":20,"column":2},"end":{"line":20,"column":49}}],"line":20},"2":{"loc":{"start":{"line":43,"column":2},"end":{"line":67,"column":3}},"type":"switch","locations":[{"start":{"line":44,"column":4},"end":{"line":46,"column":12}},{"start":{"line":47,"column":4},"end":{"line":49,"column":12}},{"start":{"line":50,"column":4},"end":{"line":52,"column":12}},{"start":{"line":53,"column":4},"end":{"line":55,"column":12}},{"start":{"line":56,"column":4},"end":{"line":58,"column":12}},{"start":{"line":59,"column":4},"end":{"line":61,"column":12}},{"start":{"line":62,"column":4},"end":{"line":64,"column":12}},{"start":{"line":65,"column":4},"end":{"line":66,"column":32}}],"line":43},"3":{"loc":{"start":{"line":74,"column":4},"end":{"line":92,"column":5}},"type":"if","locations":[{"start":{"line":74,"column":4},"end":{"line":92,"column":5}},{"start":{"line":74,"column":4},"end":{"line":92,"column":5}}],"line":74},"4":{"loc":{"start":{"line":76,"column":6},"end":{"line":89,"column":7}},"type":"if","locations":[{"start":{"line":76,"column":6},"end":{"line":89,"column":7}},{"start":{"line":76,"column":6},"end":{"line":89,"column":7}}],"line":76},"5":{"loc":{"start":{"line":79,"column":8},"end":{"line":79,"column":77}},"type":"if","locations":[{"start":{"line":79,"column":8},"end":{"line":79,"column":77}},{"start":{"line":79,"column":8},"end":{"line":79,"column":77}}],"line":79},"6":{"loc":{"start":{"line":80,"column":13},"end":{"line":89,"column":7}},"type":"if","locations":[{"start":{"line":80,"column":13},"end":{"line":89,"column":7}},{"start":{"line":80,"column":13},"end":{"line":89,"column":7}}],"line":80},"7":{"loc":{"start":{"line":94,"column":19},"end":{"line":94,"column":62}},"type":"cond-expr","locations":[{"start":{"line":94,"column":53},"end":{"line":94,"column":56}},{"start":{"line":94,"column":59},"end":{"line":94,"column":62}}],"line":94},"8":{"loc":{"start":{"line":105,"column":22},"end":{"line":105,"column":76}},"type":"cond-expr","locations":[{"start":{"line":105,"column":44},"end":{"line":105,"column":65}},{"start":{"line":105,"column":68},"end":{"line":105,"column":76}}],"line":105}},"s":{"0":1,"1":1,"2":1,"3":1,"4":82,"5":0,"6":82,"7":82,"8":82,"9":82,"10":0,"11":82,"12":1,"13":1,"14":1,"15":83,"16":83,"17":40,"18":40,"19":20,"20":20,"21":0,"22":0,"23":0,"24":0,"25":0,"26":0,"27":0,"28":0,"29":0,"30":0,"31":23,"32":83,"33":1,"34":83,"35":83,"36":1,"37":1,"38":1,"39":1,"40":1,"41":0,"42":0,"43":0,"44":0,"45":82,"46":82,"47":82,"48":1,"49":82,"50":82,"51":1,"52":82,"53":82,"54":82,"55":82,"56":1},"f":{"0":82,"1":1,"2":83,"3":83,"4":83,"5":82,"6":82},"b":{"0":[0,82],"1":[0,82],"2":[40,20,0,0,0,0,0,23],"3":[1,82],"4":[1,0],"5":[1,0],"6":[0,0],"7":[81,1],"8":[82,0]},"_coverageSchema":"1a1c01bbd47fc00a2c39e90264f33305004495a9","hash":"a3a7afea553782e5b4ea92beecb4f89e2368a5d0","contentHash":"ddd760503e45c7d59e6b1011de709af7244c97204a4069cc2f269301649e9e8c"}
,"C:\\Users\\jaakk\\Documents\\Yl-kurs\\a642905\\webdevi Group\\webdev1-group-71\\utils\\requestUtils.js": {"path":"C:\\Users\\jaakk\\Documents\\Yl-kurs\\a642905\\webdevi Group\\webdev1-group-71\\utils\\requestUtils.js","statementMap":{"0":{"start":{"line":8,"column":23},"end":{"line":34,"column":1}},"1":{"start":{"line":15,"column":2},"end":{"line":33,"column":3}},"2":{"start":{"line":17,"column":24},"end":{"line":17,"column":53}},"3":{"start":{"line":19,"column":21},"end":{"line":19,"column":46}},"4":{"start":{"line":20,"column":4},"end":{"line":30,"column":5}},"5":{"start":{"line":22,"column":30},"end":{"line":22,"column":55}},"6":{"start":{"line":24,"column":19},"end":{"line":24,"column":57}},"7":{"start":{"line":25,"column":18},"end":{"line":25,"column":40}},"8":{"start":{"line":26,"column":37},"end":{"line":26,"column":51}},"9":{"start":{"line":27,"column":6},"end":{"line":27,"column":36}},"10":{"start":{"line":29,"column":6},"end":{"line":29,"column":18}},"11":{"start":{"line":32,"column":4},"end":{"line":32,"column":16}},"12":{"start":{"line":42,"column":20},"end":{"line":65,"column":1}},"13":{"start":{"line":49,"column":17},"end":{"line":49,"column":39}},"14":{"start":{"line":52,"column":2},"end":{"line":52,"column":27}},"15":{"start":{"line":52,"column":14},"end":{"line":52,"column":27}},"16":{"start":{"line":55,"column":26},"end":{"line":55,"column":43}},"17":{"start":{"line":57,"column":16},"end":{"line":57,"column":21}},"18":{"start":{"line":60,"column":2},"end":{"line":63,"column":3}},"19":{"start":{"line":60,"column":37},"end":{"line":60,"column":96}},"20":{"start":{"line":62,"column":4},"end":{"line":62,"column":19}},"21":{"start":{"line":64,"column":2},"end":{"line":64,"column":17}},"22":{"start":{"line":73,"column":15},"end":{"line":81,"column":1}},"23":{"start":{"line":77,"column":31},"end":{"line":77,"column":62}},"24":{"start":{"line":80,"column":2},"end":{"line":80,"column":68}},"25":{"start":{"line":100,"column":22},"end":{"line":114,"column":1}},"26":{"start":{"line":101,"column":2},"end":{"line":113,"column":5}},"27":{"start":{"line":102,"column":15},"end":{"line":102,"column":17}},"28":{"start":{"line":104,"column":4},"end":{"line":104,"column":44}},"29":{"start":{"line":104,"column":31},"end":{"line":104,"column":42}},"30":{"start":{"line":106,"column":4},"end":{"line":108,"column":7}},"31":{"start":{"line":107,"column":6},"end":{"line":107,"column":31}},"32":{"start":{"line":110,"column":4},"end":{"line":112,"column":7}},"33":{"start":{"line":111,"column":6},"end":{"line":111,"column":32}},"34":{"start":{"line":116,"column":0},"end":{"line":116,"column":72}}},"fnMap":{"0":{"name":"(anonymous_0)","decl":{"start":{"line":8,"column":23},"end":{"line":8,"column":24}},"loc":{"start":{"line":8,"column":34},"end":{"line":34,"column":1}},"line":8},"1":{"name":"(anonymous_1)","decl":{"start":{"line":42,"column":20},"end":{"line":42,"column":21}},"loc":{"start":{"line":42,"column":31},"end":{"line":65,"column":1}},"line":42},"2":{"name":"(anonymous_2)","decl":{"start":{"line":60,"column":26},"end":{"line":60,"column":27}},"loc":{"start":{"line":60,"column":37},"end":{"line":60,"column":96}},"line":60},"3":{"name":"(anonymous_3)","decl":{"start":{"line":73,"column":15},"end":{"line":73,"column":16}},"loc":{"start":{"line":73,"column":26},"end":{"line":81,"column":1}},"line":73},"4":{"name":"(anonymous_4)","decl":{"start":{"line":100,"column":22},"end":{"line":100,"column":23}},"loc":{"start":{"line":100,"column":33},"end":{"line":114,"column":1}},"line":100},"5":{"name":"(anonymous_5)","decl":{"start":{"line":101,"column":21},"end":{"line":101,"column":22}},"loc":{"start":{"line":101,"column":42},"end":{"line":113,"column":3}},"line":101},"6":{"name":"(anonymous_6)","decl":{"start":{"line":104,"column":24},"end":{"line":104,"column":25}},"loc":{"start":{"line":104,"column":31},"end":{"line":104,"column":42}},"line":104},"7":{"name":"(anonymous_7)","decl":{"start":{"line":106,"column":23},"end":{"line":106,"column":24}},"loc":{"start":{"line":106,"column":32},"end":{"line":108,"column":5}},"line":106},"8":{"name":"(anonymous_8)","decl":{"start":{"line":110,"column":22},"end":{"line":110,"column":23}},"loc":{"start":{"line":110,"column":28},"end":{"line":112,"column":5}},"line":110}},"branchMap":{"0":{"loc":{"start":{"line":15,"column":2},"end":{"line":33,"column":3}},"type":"if","locations":[{"start":{"line":15,"column":2},"end":{"line":33,"column":3}},{"start":{"line":15,"column":2},"end":{"line":33,"column":3}}],"line":15},"1":{"loc":{"start":{"line":20,"column":4},"end":{"line":30,"column":5}},"type":"if","locations":[{"start":{"line":20,"column":4},"end":{"line":30,"column":5}},{"start":{"line":20,"column":4},"end":{"line":30,"column":5}}],"line":20},"2":{"loc":{"start":{"line":52,"column":2},"end":{"line":52,"column":27}},"type":"if","locations":[{"start":{"line":52,"column":2},"end":{"line":52,"column":27}},{"start":{"line":52,"column":2},"end":{"line":52,"column":27}}],"line":52},"3":{"loc":{"start":{"line":60,"column":2},"end":{"line":63,"column":3}},"type":"if","locations":[{"start":{"line":60,"column":2},"end":{"line":63,"column":3}},{"start":{"line":60,"column":2},"end":{"line":63,"column":3}}],"line":60},"4":{"loc":{"start":{"line":60,"column":37},"end":{"line":60,"column":96}},"type":"binary-expr","locations":[{"start":{"line":60,"column":37},"end":{"line":60,"column":67}},{"start":{"line":60,"column":71},"end":{"line":60,"column":96}}],"line":60},"5":{"loc":{"start":{"line":80,"column":9},"end":{"line":80,"column":67}},"type":"cond-expr","locations":[{"start":{"line":80,"column":55},"end":{"line":80,"column":59}},{"start":{"line":80,"column":62},"end":{"line":80,"column":67}}],"line":80}},"s":{"0":1,"1":245,"2":117,"3":117,"4":117,"5":110,"6":110,"7":110,"8":110,"9":110,"10":7,"11":128,"12":1,"13":208,"14":208,"15":23,"16":185,"17":185,"18":185,"19":200,"20":164,"21":185,"22":1,"23":27,"24":27,"25":1,"26":30,"27":30,"28":30,"29":0,"30":30,"31":30,"32":30,"33":30,"34":1},"f":{"0":245,"1":208,"2":200,"3":27,"4":30,"5":30,"6":0,"7":30,"8":30},"b":{"0":[117,128],"1":[110,7],"2":[23,185],"3":[164,21],"4":[200,56],"5":[20,7]},"_coverageSchema":"1a1c01bbd47fc00a2c39e90264f33305004495a9","hash":"000d6a13557bd098f8dc0e9c52391b159e9c8501","contentHash":"0a52f2ec80de7cb148325b1d54f836e04b86552165ab5ffaf7e30c5fef479f5b"}
,"C:\\Users\\jaakk\\Documents\\Yl-kurs\\a642905\\webdevi Group\\webdev1-group-71\\utils\\responseUtils.js": {"path":"C:\\Users\\jaakk\\Documents\\Yl-kurs\\a642905\\webdevi Group\\webdev1-group-71\\utils\\responseUtils.js","statementMap":{"0":{"start":{"line":1,"column":27},"end":{"line":5,"column":1}},"1":{"start":{"line":3,"column":2},"end":{"line":3,"column":58}},"2":{"start":{"line":4,"column":2},"end":{"line":4,"column":24}},"3":{"start":{"line":7,"column":17},"end":{"line":11,"column":1}},"4":{"start":{"line":8,"column":2},"end":{"line":8,"column":67}},"5":{"start":{"line":10,"column":2},"end":{"line":10,"column":47}},"6":{"start":{"line":13,"column":24},"end":{"line":15,"column":1}},"7":{"start":{"line":14,"column":2},"end":{"line":14,"column":42}},"8":{"start":{"line":17,"column":18},"end":{"line":20,"column":1}},"9":{"start":{"line":18,"column":2},"end":{"line":18,"column":28}},"10":{"start":{"line":19,"column":2},"end":{"line":19,"column":24}},"11":{"start":{"line":22,"column":19},"end":{"line":27,"column":1}},"12":{"start":{"line":23,"column":2},"end":{"line":23,"column":68}},"13":{"start":{"line":23,"column":16},"end":{"line":23,"column":68}},"14":{"start":{"line":25,"column":2},"end":{"line":25,"column":28}},"15":{"start":{"line":26,"column":2},"end":{"line":26,"column":24}},"16":{"start":{"line":29,"column":21},"end":{"line":32,"column":1}},"17":{"start":{"line":30,"column":2},"end":{"line":30,"column":28}},"18":{"start":{"line":31,"column":2},"end":{"line":31,"column":24}},"19":{"start":{"line":34,"column":18},"end":{"line":37,"column":1}},"20":{"start":{"line":35,"column":2},"end":{"line":35,"column":28}},"21":{"start":{"line":36,"column":2},"end":{"line":36,"column":24}},"22":{"start":{"line":39,"column":17},"end":{"line":42,"column":1}},"23":{"start":{"line":40,"column":2},"end":{"line":40,"column":28}},"24":{"start":{"line":41,"column":2},"end":{"line":41,"column":24}},"25":{"start":{"line":44,"column":25},"end":{"line":47,"column":1}},"26":{"start":{"line":45,"column":2},"end":{"line":45,"column":28}},"27":{"start":{"line":46,"column":2},"end":{"line":46,"column":24}},"28":{"start":{"line":49,"column":33},"end":{"line":52,"column":1}},"29":{"start":{"line":50,"column":2},"end":{"line":50,"column":28}},"30":{"start":{"line":51,"column":2},"end":{"line":51,"column":24}},"31":{"start":{"line":54,"column":28},"end":{"line":57,"column":1}},"32":{"start":{"line":55,"column":2},"end":{"line":55,"column":28}},"33":{"start":{"line":56,"column":2},"end":{"line":56,"column":24}},"34":{"start":{"line":59,"column":23},"end":{"line":62,"column":1}},"35":{"start":{"line":60,"column":2},"end":{"line":60,"column":46}},"36":{"start":{"line":61,"column":2},"end":{"line":61,"column":17}},"37":{"start":{"line":64,"column":0},"end":{"line":77,"column":2}}},"fnMap":{"0":{"name":"(anonymous_0)","decl":{"start":{"line":1,"column":27},"end":{"line":1,"column":28}},"loc":{"start":{"line":1,"column":39},"end":{"line":5,"column":1}},"line":1},"1":{"name":"(anonymous_1)","decl":{"start":{"line":7,"column":17},"end":{"line":7,"column":18}},"loc":{"start":{"line":7,"column":52},"end":{"line":11,"column":1}},"line":7},"2":{"name":"(anonymous_2)","decl":{"start":{"line":13,"column":24},"end":{"line":13,"column":25}},"loc":{"start":{"line":13,"column":47},"end":{"line":15,"column":1}},"line":13},"3":{"name":"(anonymous_3)","decl":{"start":{"line":17,"column":18},"end":{"line":17,"column":19}},"loc":{"start":{"line":17,"column":30},"end":{"line":20,"column":1}},"line":17},"4":{"name":"(anonymous_4)","decl":{"start":{"line":22,"column":19},"end":{"line":22,"column":20}},"loc":{"start":{"line":22,"column":43},"end":{"line":27,"column":1}},"line":22},"5":{"name":"(anonymous_5)","decl":{"start":{"line":29,"column":21},"end":{"line":29,"column":22}},"loc":{"start":{"line":29,"column":33},"end":{"line":32,"column":1}},"line":29},"6":{"name":"(anonymous_6)","decl":{"start":{"line":34,"column":18},"end":{"line":34,"column":19}},"loc":{"start":{"line":34,"column":30},"end":{"line":37,"column":1}},"line":34},"7":{"name":"(anonymous_7)","decl":{"start":{"line":39,"column":17},"end":{"line":39,"column":18}},"loc":{"start":{"line":39,"column":29},"end":{"line":42,"column":1}},"line":39},"8":{"name":"(anonymous_8)","decl":{"start":{"line":44,"column":25},"end":{"line":44,"column":26}},"loc":{"start":{"line":44,"column":37},"end":{"line":47,"column":1}},"line":44},"9":{"name":"(anonymous_9)","decl":{"start":{"line":49,"column":33},"end":{"line":49,"column":34}},"loc":{"start":{"line":49,"column":45},"end":{"line":52,"column":1}},"line":49},"10":{"name":"(anonymous_10)","decl":{"start":{"line":54,"column":28},"end":{"line":54,"column":29}},"loc":{"start":{"line":54,"column":40},"end":{"line":57,"column":1}},"line":54},"11":{"name":"(anonymous_11)","decl":{"start":{"line":59,"column":23},"end":{"line":59,"column":24}},"loc":{"start":{"line":59,"column":43},"end":{"line":62,"column":1}},"line":59}},"branchMap":{"0":{"loc":{"start":{"line":7,"column":37},"end":{"line":7,"column":47}},"type":"default-arg","locations":[{"start":{"line":7,"column":44},"end":{"line":7,"column":47}}],"line":7},"1":{"loc":{"start":{"line":23,"column":2},"end":{"line":23,"column":68}},"type":"if","locations":[{"start":{"line":23,"column":2},"end":{"line":23,"column":68}},{"start":{"line":23,"column":2},"end":{"line":23,"column":68}}],"line":23}},"s":{"0":1,"1":54,"2":54,"3":1,"4":107,"5":107,"6":1,"7":12,"8":1,"9":1,"10":1,"11":1,"12":42,"13":39,"14":3,"15":3,"16":1,"17":1,"18":1,"19":1,"20":12,"21":12,"22":1,"23":71,"24":71,"25":1,"26":2,"27":2,"28":1,"29":43,"30":43,"31":1,"32":1,"33":1,"34":1,"35":0,"36":0,"37":1},"f":{"0":54,"1":107,"2":12,"3":1,"4":42,"5":1,"6":12,"7":71,"8":2,"9":43,"10":1,"11":0},"b":{"0":[55],"1":[39,3]},"_coverageSchema":"1a1c01bbd47fc00a2c39e90264f33305004495a9","hash":"517b2eb02c59711a5f1ed79776084ecce78e331b","contentHash":"64a6542d40a1ffd78d3fad449d1f4e2d54e4290b7d4ac8b8aa613e1032ddf376"}
}
