TN:
SF:routes.js
FN:29,(anonymous_0)
FN:50,(anonymous_1)
FN:62,(anonymous_2)
FN:71,(anonymous_3)
FN:81,(anonymous_4)
FN:86,(anonymous_5)
FNF:6
FNH:6
FNDA:2,(anonymous_0)
FNDA:447,(anonymous_1)
FNDA:149,(anonymous_2)
FNDA:149,(anonymous_3)
FNDA:149,(anonymous_4)
FNDA:234,(anonymous_5)
DA:1,1
DA:2,1
DA:3,1
DA:4,1
DA:6,1
DA:7,1
DA:8,1
DA:16,1
DA:29,1
DA:30,2
DA:31,2
DA:37,2
DA:40,0
DA:50,1
DA:51,447
DA:52,447
DA:53,447
DA:62,1
DA:63,149
DA:71,1
DA:72,149
DA:81,1
DA:82,149
DA:86,1
DA:87,234
DA:88,234
DA:89,234
DA:91,234
DA:95,234
DA:100,234
DA:103,232
DA:104,82
DA:105,82
DA:109,150
DA:113,149
DA:114,30
DA:118,149
DA:119,30
DA:123,149
DA:124,9
DA:128,149
DA:129,28
DA:133,121
DA:136,68
DA:137,1
DA:141,67
DA:142,8
DA:146,67
DA:147,29
DA:151,38
DA:152,7
DA:156,38
DA:157,16
DA:162,38
DA:163,4
DA:167,38
DA:168,10
DA:173,1
LF:58
LH:57
BRDA:30,0,0,2
BRDA:30,0,1,0
BRDA:100,1,0,2
BRDA:100,1,1,232
BRDA:103,2,0,82
BRDA:103,2,1,150
BRDA:103,3,0,232
BRDA:103,3,1,152
BRDA:104,4,0,0
BRDA:104,4,1,82
BRDA:104,5,0,82
BRDA:104,5,1,82
BRDA:109,6,0,1
BRDA:109,6,1,149
BRDA:109,7,0,150
BRDA:109,7,1,70
BRDA:109,7,2,40
BRDA:109,7,3,10
BRDA:113,8,0,30
BRDA:113,8,1,119
BRDA:118,9,0,30
BRDA:118,9,1,119
BRDA:123,10,0,9
BRDA:123,10,1,140
BRDA:128,11,0,28
BRDA:128,11,1,121
BRDA:133,12,0,53
BRDA:133,12,1,68
BRDA:136,13,0,1
BRDA:136,13,1,67
BRDA:141,14,0,8
BRDA:141,14,1,59
BRDA:141,15,0,67
BRDA:141,15,1,8
BRDA:146,16,0,29
BRDA:146,16,1,38
BRDA:151,17,0,7
BRDA:151,17,1,31
BRDA:151,18,0,38
BRDA:151,18,1,7
BRDA:156,19,0,16
BRDA:156,19,1,22
BRDA:156,20,0,38
BRDA:156,20,1,16
BRDA:156,20,2,5
BRDA:162,21,0,4
BRDA:162,21,1,34
BRDA:162,22,0,38
BRDA:162,22,1,14
BRDA:167,23,0,10
BRDA:167,23,1,28
BRDA:167,24,0,38
BRDA:167,24,1,14
BRF:53
BRH:51
end_of_record
TN:
SF:auth\auth.js
FN:11,(anonymous_0)
FNF:1
FNH:1
FNDA:240,(anonymous_0)
DA:1,1
DA:4,1
DA:11,1
DA:19,240
DA:21,240
DA:22,108
DA:23,108
DA:25,108
DA:27,91
DA:29,17
DA:32,132
DA:39,1
LF:12
LH:12
BRDA:21,0,0,108
BRDA:21,0,1,132
BRDA:25,1,0,91
BRDA:25,1,1,17
BRDA:25,2,0,108
BRDA:25,2,1,104
BRF:6
BRH:6
end_of_record
TN:
SF:controllers\orders.js
FN:14,(anonymous_0)
FN:32,(anonymous_1)
FN:58,(anonymous_2)
FN:79,(anonymous_3)
FN:107,(anonymous_4)
FNF:5
FNH:5
FNDA:6,(anonymous_0)
FNDA:14,(anonymous_1)
FNDA:8,(anonymous_2)
FNDA:10,(anonymous_3)
FNDA:13,(anonymous_4)
DA:2,1
DA:4,1
DA:5,1
DA:7,1
DA:8,1
DA:14,1
DA:16,6
DA:17,3
DA:21,3
DA:32,1
DA:33,14
DA:36,14
DA:37,14
DA:38,14
DA:39,12
DA:43,2
DA:46,2
DA:49,2
DA:58,1
DA:59,8
DA:61,8
DA:63,6
DA:64,2
DA:68,4
DA:79,1
DA:80,10
DA:83,10
DA:84,1
DA:87,9
DA:88,2
DA:91,7
DA:92,7
DA:93,7
DA:107,1
DA:108,13
DA:109,3
DA:112,10
DA:113,2
DA:116,8
DA:118,8
DA:119,8
DA:120,4
DA:123,4
DA:131,1
LF:44
LH:44
BRDA:16,0,0,3
BRDA:16,0,1,3
BRDA:38,1,0,12
BRDA:38,1,1,2
BRDA:61,2,0,2
BRDA:61,2,1,6
BRDA:63,3,0,2
BRDA:63,3,1,4
BRDA:63,4,0,6
BRDA:63,4,1,4
BRDA:83,5,0,1
BRDA:83,5,1,9
BRDA:87,6,0,2
BRDA:87,6,1,7
BRDA:108,7,0,3
BRDA:108,7,1,10
BRDA:108,8,0,13
BRDA:108,8,1,11
BRDA:112,9,0,2
BRDA:112,9,1,8
BRDA:116,10,0,8
BRDA:116,10,1,0
BRDA:116,11,0,8
BRDA:116,11,1,8
BRDA:116,11,2,4
BRDA:119,12,0,4
BRDA:119,12,1,4
BRF:27
BRH:26
end_of_record
TN:
SF:controllers\products.js
FN:12,(anonymous_0)
FN:20,(anonymous_1)
FN:32,(anonymous_2)
FN:65,(anonymous_3)
FN:79,(anonymous_4)
FN:100,(anonymous_5)
FN:132,(anonymous_6)
FNF:7
FNH:7
FNDA:13,(anonymous_0)
FNDA:5,(anonymous_1)
FNDA:11,(anonymous_2)
FNDA:5,(anonymous_3)
FNDA:5,(anonymous_4)
FNDA:19,(anonymous_5)
FNDA:30,(anonymous_6)
DA:1,1
DA:3,1
DA:4,1
DA:12,1
DA:13,13
DA:20,1
DA:21,5
DA:22,5
DA:24,3
DA:32,1
DA:33,11
DA:34,11
DA:35,9
DA:36,9
DA:37,6
DA:38,2
DA:40,4
DA:42,7
DA:43,7
DA:44,4
DA:46,3
DA:48,3
DA:49,2
DA:51,3
DA:52,2
DA:54,3
DA:55,3
DA:56,3
DA:57,3
DA:58,3
DA:65,1
DA:66,5
DA:67,5
DA:69,3
DA:71,3
DA:79,1
DA:80,5
DA:81,3
DA:83,2
DA:84,2
DA:85,2
DA:86,2
DA:87,2
DA:89,2
DA:100,1
DA:102,19
DA:103,1
DA:105,19
DA:107,11
DA:109,19
DA:110,5
DA:111,1
DA:113,4
DA:114,1
DA:117,3
DA:118,3
DA:132,1
DA:133,30
DA:134,9
DA:136,21
DA:137,21
DA:138,6
DA:140,15
DA:141,3
DA:144,12
DA:145,10
DA:146,7
DA:147,7
DA:149,3
DA:151,2
DA:154,1
LF:71
LH:71
BRDA:22,0,0,2
BRDA:22,0,1,3
BRDA:34,1,0,2
BRDA:34,1,1,9
BRDA:36,2,0,6
BRDA:36,2,1,3
BRDA:37,3,0,2
BRDA:37,3,1,4
BRDA:42,4,0,7
BRDA:42,4,1,0
BRDA:43,5,0,4
BRDA:43,5,1,3
BRDA:43,6,0,7
BRDA:43,6,1,4
BRDA:48,7,0,2
BRDA:48,7,1,1
BRDA:51,8,0,2
BRDA:51,8,1,1
BRDA:67,9,0,2
BRDA:67,9,1,3
BRDA:80,10,0,3
BRDA:80,10,1,2
BRDA:80,11,0,5
BRDA:80,11,1,3
BRDA:102,12,0,1
BRDA:102,12,1,18
BRDA:105,13,0,11
BRDA:105,13,1,8
BRDA:105,14,0,19
BRDA:105,14,1,11
BRDA:105,14,2,9
BRDA:109,15,0,5
BRDA:109,15,1,14
BRDA:110,16,0,1
BRDA:110,16,1,4
BRDA:113,17,0,1
BRDA:113,17,1,3
BRDA:133,18,0,9
BRDA:133,18,1,21
BRDA:133,19,0,30
BRDA:133,19,1,24
BRDA:137,20,0,6
BRDA:137,20,1,15
BRDA:140,21,0,3
BRDA:140,21,1,12
BRDA:140,22,0,15
BRDA:140,22,1,3
BRDA:140,22,2,2
BRDA:144,23,0,10
BRDA:144,23,1,2
BRDA:145,24,0,7
BRDA:145,24,1,3
BRDA:149,25,0,3
BRDA:149,25,1,0
BRF:54
BRH:52
end_of_record
TN:
SF:controllers\users.js
FN:12,(anonymous_0)
FN:24,(anonymous_1)
FN:41,(anonymous_2)
FN:73,(anonymous_3)
FN:92,(anonymous_4)
FN:125,(anonymous_5)
FN:166,(anonymous_6)
FN:181,(anonymous_7)
FNF:8
FNH:8
FNDA:8,(anonymous_0)
FNDA:9,(anonymous_1)
FNDA:9,(anonymous_2)
FNDA:5,(anonymous_3)
FNDA:15,(anonymous_4)
FNDA:34,(anonymous_5)
FNDA:9,(anonymous_6)
FNDA:9,(anonymous_7)
DA:1,1
DA:2,1
DA:3,1
DA:4,1
DA:12,1
DA:14,8
DA:24,1
DA:26,9
DA:27,8
DA:28,8
DA:29,6
DA:30,6
DA:41,1
DA:43,9
DA:46,9
DA:49,7
DA:51,6
DA:52,6
DA:53,2
DA:56,4
DA:57,4
DA:59,4
DA:60,4
DA:61,4
DA:62,4
DA:73,1
DA:75,5
DA:78,5
DA:81,3
DA:82,3
DA:92,1
DA:93,15
DA:95,15
DA:97,13
DA:98,13
DA:99,13
DA:101,13
DA:104,6
DA:107,6
DA:110,6
DA:125,1
DA:129,34
DA:130,10
DA:133,24
DA:134,6
DA:136,18
DA:143,18
DA:144,14
DA:145,9
DA:148,14
DA:150,6
DA:151,6
DA:152,2
DA:154,4
DA:157,4
DA:166,1
DA:168,9
DA:169,2
DA:172,7
DA:173,7
DA:181,1
DA:183,9
DA:184,7
DA:189,2
DA:194,1
LF:65
LH:65
BRDA:26,0,0,1
BRDA:26,0,1,8
BRDA:28,1,0,2
BRDA:28,1,1,6
BRDA:46,2,0,2
BRDA:46,2,1,7
BRDA:49,3,0,1
BRDA:49,3,1,6
BRDA:52,4,0,2
BRDA:52,4,1,4
BRDA:52,5,0,6
BRDA:52,5,1,5
BRDA:52,5,2,4
BRDA:78,6,0,2
BRDA:78,6,1,3
BRDA:81,7,0,3
BRDA:81,7,1,0
BRDA:95,8,0,2
BRDA:95,8,1,13
BRDA:101,9,0,7
BRDA:101,9,1,6
BRDA:129,10,0,10
BRDA:129,10,1,24
BRDA:129,11,0,34
BRDA:129,11,1,27
BRDA:133,12,0,6
BRDA:133,12,1,18
BRDA:143,13,0,14
BRDA:143,13,1,4
BRDA:144,14,0,5
BRDA:144,14,1,9
BRDA:145,15,0,3
BRDA:145,15,1,6
BRDA:148,16,0,6
BRDA:148,16,1,8
BRDA:151,17,0,2
BRDA:151,17,1,4
BRDA:151,18,0,6
BRDA:151,18,1,3
BRDA:168,19,0,2
BRDA:168,19,1,7
BRDA:183,20,0,7
BRDA:183,20,1,2
BRF:43
BRH:42
end_of_record
TN:
SF:models\db.js
FN:24,(anonymous_0)
FN:32,connectDB
FN:43,(anonymous_2)
FN:44,(anonymous_3)
FN:54,handleCriticalError
FN:59,disconnectDB
FNF:6
FNH:1
FNDA:2,(anonymous_0)
FNDA:0,connectDB
FNDA:0,(anonymous_2)
FNDA:0,(anonymous_3)
FNDA:0,handleCriticalError
FNDA:0,disconnectDB
DA:5,1
DA:8,1
DA:9,1
DA:10,1
DA:14,1
DA:24,1
DA:27,2
DA:34,0
DA:35,0
DA:44,0
DA:45,0
DA:48,0
DA:55,0
DA:56,0
DA:60,0
DA:63,1
LF:16
LH:8
BRDA:27,0,0,1
BRDA:27,0,1,1
BRDA:34,1,0,0
BRDA:34,1,1,0
BRDA:34,2,0,0
BRDA:34,2,1,0
BRF:6
BRH:2
end_of_record
TN:
SF:models\order.js
FN:38,allowMinimumOneLength
FN:48,allowMinimumOne
FN:58,allowUnsignedValue
FNF:3
FNH:3
FNDA:1426,allowMinimumOneLength
FNDA:1433,allowMinimumOne
FNDA:1432,allowUnsignedValue
DA:1,1
DA:2,1
DA:7,1
DA:20,1
DA:39,1426
DA:49,1433
DA:59,1432
DA:63,1
DA:65,1
DA:66,1
LF:10
LH:10
BRF:0
BRH:0
end_of_record
TN:
SF:models\product.js
FN:30,AllowUnsignedValue
FNF:1
FNH:1
FNDA:3732,AllowUnsignedValue
DA:1,1
DA:2,1
DA:4,1
DA:31,3732
DA:35,1
DA:37,1
DA:38,1
LF:7
LH:7
BRF:0
BRH:0
end_of_record
TN:
SF:models\user.js
FN:12,(anonymous_0)
FN:56,(anonymous_1)
FNF:2
FNH:2
FNDA:1843,(anonymous_0)
FNDA:106,(anonymous_1)
DA:1,1
DA:2,1
DA:3,1
DA:4,1
DA:12,1
DA:14,1843
DA:15,1840
DA:16,1840
DA:19,1
DA:56,1
DA:58,106
DA:60,106
DA:61,106
DA:65,1
DA:67,1
DA:68,1
LF:16
LH:16
BRDA:14,0,0,3
BRDA:14,0,1,1840
BRF:2
BRH:2
end_of_record
TN:
SF:utils\render.js
FN:13,(anonymous_0)
FN:30,(anonymous_1)
FN:40,(anonymous_2)
FN:72,(anonymous_3)
FN:73,(anonymous_4)
FN:100,(anonymous_5)
FN:109,(anonymous_6)
FNF:7
FNH:7
FNDA:82,(anonymous_0)
FNDA:1,(anonymous_1)
FNDA:83,(anonymous_2)
FNDA:83,(anonymous_3)
FNDA:83,(anonymous_4)
FNDA:82,(anonymous_5)
FNDA:82,(anonymous_6)
DA:1,1
DA:2,1
DA:4,1
DA:13,1
DA:14,82
DA:16,82
DA:17,82
DA:18,82
DA:20,82
DA:21,82
DA:30,1
DA:31,1
DA:40,1
DA:41,83
DA:43,83
DA:45,40
DA:46,40
DA:48,20
DA:49,20
DA:51,0
DA:52,0
DA:54,0
DA:55,0
DA:57,0
DA:58,0
DA:60,0
DA:61,0
DA:63,0
DA:64,0
DA:66,23
DA:69,83
DA:72,1
DA:73,83
DA:74,83
DA:75,1
DA:76,1
DA:78,1
DA:79,1
DA:80,0
DA:81,0
DA:83,0
DA:91,0
DA:94,82
DA:95,82
DA:96,82
DA:100,1
DA:101,82
DA:103,82
DA:109,1
DA:110,82
DA:111,82
DA:112,82
DA:113,82
DA:116,1
LF:54
LH:40
BRDA:14,0,0,0
BRDA:14,0,1,82
BRDA:20,1,0,0
BRDA:20,1,1,82
BRDA:43,2,0,40
BRDA:43,2,1,20
BRDA:43,2,2,0
BRDA:43,2,3,0
BRDA:43,2,4,0
BRDA:43,2,5,0
BRDA:43,2,6,0
BRDA:43,2,7,23
BRDA:74,3,0,1
BRDA:74,3,1,82
BRDA:76,4,0,1
BRDA:76,4,1,0
BRDA:79,5,0,1
BRDA:79,5,1,0
BRDA:80,6,0,0
BRDA:80,6,1,0
BRDA:94,7,0,81
BRDA:94,7,1,1
BRDA:105,8,0,82
BRDA:105,8,1,0
BRF:24
BRH:12
end_of_record
TN:
SF:utils\requestUtils.js
FN:8,(anonymous_0)
FN:42,(anonymous_1)
FN:60,(anonymous_2)
FN:73,(anonymous_3)
FN:100,(anonymous_4)
FN:101,(anonymous_5)
FN:104,(anonymous_6)
FN:106,(anonymous_7)
FN:110,(anonymous_8)
FNF:9
FNH:8
FNDA:245,(anonymous_0)
FNDA:208,(anonymous_1)
FNDA:200,(anonymous_2)
FNDA:27,(anonymous_3)
FNDA:30,(anonymous_4)
FNDA:30,(anonymous_5)
FNDA:0,(anonymous_6)
FNDA:30,(anonymous_7)
FNDA:30,(anonymous_8)
DA:8,1
DA:15,245
DA:17,117
DA:19,117
DA:20,117
DA:22,110
DA:24,110
DA:25,110
DA:26,110
DA:27,110
DA:29,7
DA:32,128
DA:42,1
DA:49,208
DA:52,208
DA:55,185
DA:57,185
DA:60,200
DA:62,164
DA:64,185
DA:73,1
DA:77,27
DA:80,27
DA:100,1
DA:101,30
DA:102,30
DA:104,30
DA:106,30
DA:107,30
DA:110,30
DA:111,30
DA:116,1
LF:32
LH:32
BRDA:15,0,0,117
BRDA:15,0,1,128
BRDA:20,1,0,110
BRDA:20,1,1,7
BRDA:52,2,0,23
BRDA:52,2,1,185
BRDA:60,3,0,164
BRDA:60,3,1,21
BRDA:60,4,0,200
BRDA:60,4,1,56
BRDA:80,5,0,20
BRDA:80,5,1,7
BRF:12
BRH:12
end_of_record
TN:
SF:utils\responseUtils.js
FN:1,(anonymous_0)
FN:7,(anonymous_1)
FN:13,(anonymous_2)
FN:17,(anonymous_3)
FN:22,(anonymous_4)
FN:29,(anonymous_5)
FN:34,(anonymous_6)
FN:39,(anonymous_7)
FN:44,(anonymous_8)
FN:49,(anonymous_9)
FN:54,(anonymous_10)
FN:59,(anonymous_11)
FNF:12
FNH:11
FNDA:54,(anonymous_0)
FNDA:107,(anonymous_1)
FNDA:12,(anonymous_2)
FNDA:1,(anonymous_3)
FNDA:42,(anonymous_4)
FNDA:1,(anonymous_5)
FNDA:12,(anonymous_6)
FNDA:71,(anonymous_7)
FNDA:2,(anonymous_8)
FNDA:43,(anonymous_9)
FNDA:1,(anonymous_10)
FNDA:0,(anonymous_11)
DA:1,1
DA:3,54
DA:4,54
DA:7,1
DA:8,107
DA:10,107
DA:13,1
DA:14,12
DA:17,1
DA:18,1
DA:19,1
DA:22,1
DA:23,42
DA:25,3
DA:26,3
DA:29,1
DA:30,1
DA:31,1
DA:34,1
DA:35,12
DA:36,12
DA:39,1
DA:40,71
DA:41,71
DA:44,1
DA:45,2
DA:46,2
DA:49,1
DA:50,43
DA:51,43
DA:54,1
DA:55,1
DA:56,1
DA:59,1
DA:60,0
DA:61,0
DA:64,1
LF:37
LH:35
BRDA:7,0,0,55
BRDA:23,1,0,39
BRDA:23,1,1,3
BRF:3
BRH:3
end_of_record
